---------------------------------------------------------------
[ 2017-11-11T19:34:59+08:00 ] 120.25.71.185 183.136.190.62 GET /
[ error ] [8]未定义数组索引: openid
---------------------------------------------------------------
[ 2017-11-11T20:58:31+08:00 ] 120.25.71.185 183.249.198.125 GET /admin.php/index/index/index.html
[ sql ] [ DB ] CONNECT:[ UseTime:0.001953s ] mysql:dbname=lunwen;host=127.0.0.1;port=3306;charset=utf8
[ sql ] [ SQL ] SHOW COLUMNS FROM `jzk_user` [ RunTime:0.002929s ]
[ sql ] [ SQL ] SELECT * FROM `jzk_user` [ RunTime:0.000976s ]
[ sql ] [ SQL ] SHOW COLUMNS FROM `jzk_order` [ RunTime:0.002930s ]
[ sql ] [ SQL ] SELECT * FROM `jzk_order` [ RunTime:0.000000s ]
[ sql ] [ SQL ] SHOW COLUMNS FROM `jzk_goods` [ RunTime:0.002930s ]
[ sql ] [ SQL ] SELECT * FROM `jzk_goods` [ RunTime:0.000976s ]
[ sql ] [ SQL ] SHOW COLUMNS FROM `jzk_shoporder` [ RunTime:0.002930s ]
[ sql ] [ SQL ] SELECT * FROM `jzk_shoporder` [ RunTime:0.000976s ]
[ sql ] [ SQL ] SHOW COLUMNS FROM `jzk_jifen` [ RunTime:0.002930s ]
[ sql ] [ SQL ] SELECT * FROM `jzk_jifen` WHERE  (  ID=1 ) LIMIT 1 [ RunTime:0.000000s ]
[ sql ] [ SQL ] SHOW COLUMNS FROM `jzk_weixin` [ RunTime:0.002930s ]
[ sql ] [ SQL ] SELECT * FROM `jzk_weixin` [ RunTime:0.000000s ]
[ sql ] [ SQL ] SELECT * FROM `jzk_user` ORDER BY score desc LIMIT 8 [ RunTime:0.000977s ]
[ sql ] [ SQL ] SHOW COLUMNS FROM `jzk_set` [ RunTime:0.003906s ]
[ sql ] [ SQL ] SELECT * FROM `jzk_set` WHERE  (  ID = 6 ) LIMIT 1 [ RunTime:0.000977s ]
[ sql ] [ SQL ] SELECT * FROM `jzk_set` WHERE  (  ID = 5 ) LIMIT 1 [ RunTime:0.000000s ]
[ sql ] [ SQL ] SELECT * FROM `jzk_set` WHERE  (  ID = 7 ) LIMIT 1 [ RunTime:0.000000s ]
[ sql ] [ SQL ] SHOW COLUMNS FROM `jzk_keywords` [ RunTime:0.002930s ]
[ sql ] [ SQL ] SELECT * FROM `jzk_keywords` [ RunTime:0.000000s ]
---------------------------------------------------------------
[ 2017-11-11T20:58:40+08:00 ] 120.25.71.185 120.204.17.68 GET /admin.php/index/index/index.html
[ sql ] [ DB ] CONNECT:[ UseTime:0.000976s ] mysql:dbname=lunwen;host=127.0.0.1;port=3306;charset=utf8
[ sql ] [ SQL ] SHOW COLUMNS FROM `jzk_user` [ RunTime:0.002930s ]
[ sql ] [ SQL ] SELECT * FROM `jzk_user` [ RunTime:0.000977s ]
[ sql ] [ SQL ] SHOW COLUMNS FROM `jzk_order` [ RunTime:0.003906s ]
[ sql ] [ SQL ] SELECT * FROM `jzk_order` [ RunTime:0.000976s ]
[ sql ] [ SQL ] SHOW COLUMNS FROM `jzk_goods` [ RunTime:0.002930s ]
[ sql ] [ SQL ] SELECT * FROM `jzk_goods` [ RunTime:0.000000s ]
[ sql ] [ SQL ] SHOW COLUMNS FROM `jzk_shoporder` [ RunTime:0.002930s ]
[ sql ] [ SQL ] SELECT * FROM `jzk_shoporder` [ RunTime:0.000977s ]
[ sql ] [ SQL ] SHOW COLUMNS FROM `jzk_jifen` [ RunTime:0.002930s ]
[ sql ] [ SQL ] SELECT * FROM `jzk_jifen` WHERE  (  ID=1 ) LIMIT 1 [ RunTime:0.000000s ]
[ sql ] [ SQL ] SHOW COLUMNS FROM `jzk_weixin` [ RunTime:0.001953s ]
[ sql ] [ SQL ] SELECT * FROM `jzk_weixin` [ RunTime:0.000977s ]
[ sql ] [ SQL ] SELECT * FROM `jzk_user` ORDER BY score desc LIMIT 8 [ RunTime:0.000000s ]
[ sql ] [ SQL ] SHOW COLUMNS FROM `jzk_set` [ RunTime:0.001953s ]
[ sql ] [ SQL ] SELECT * FROM `jzk_set` WHERE  (  ID = 6 ) LIMIT 1 [ RunTime:0.000976s ]
[ sql ] [ SQL ] SELECT * FROM `jzk_set` WHERE  (  ID = 5 ) LIMIT 1 [ RunTime:0.000000s ]
[ sql ] [ SQL ] SELECT * FROM `jzk_set` WHERE  (  ID = 7 ) LIMIT 1 [ RunTime:0.000000s ]
[ sql ] [ SQL ] SHOW COLUMNS FROM `jzk_keywords` [ RunTime:0.002929s ]
[ sql ] [ SQL ] SELECT * FROM `jzk_keywords` [ RunTime:0.000977s ]
