---------------------------------------------------------------
[ 2017-09-17T10:28:04+08:00 ] 120.25.71.185 36.23.80.251 GET /index.php/index/weixin/getordercode.html
[ info ] lunwen.jiezanke.com/index.php/index/weixin/getordercode.html [运行时间：0.024415s][吞吐率：40.96req/s] [内存消耗：1,384.14kb] [文件加载：45]
[ info ] [ LANG ] D:\WebTest\lunwen\lunwen\thinkphp\lang\zh-cn.php
[ info ] [ ROUTE ] array (
  'type' => 'module',
  'module' => 
  array (
    0 => 'index',
    1 => 'weixin',
    2 => 'getordercode',
  ),
)
[ info ] [ HEADER ] array (
  'connection' => 'close',
  'accept-encoding' => 'gzip, deflate',
  'accept-language' => 'en-us',
  'user-agent' => 'Mozilla/5.0 (iPhone; CPU iPhone OS 10_3_3 like Mac OS X) AppleWebKit/603.3.8 (KHTML, like Gecko) Mobile/14G60 MicroMessenger/6.5.16 NetType/4G Language/en',
  'accept' => 'text/html,application/xhtml+xml,application/xml;q=0.9,*/*;q=0.8',
  'upgrade-insecure-requests' => '1',
  'host' => 'lunwen.jiezanke.com',
)
[ info ] [ PARAM ] array (
)
[ info ] [ RUN ] app\index\controller\Weixin->getordercode[ D:\WebTest\lunwen\lunwen\app\index\controller\Weixin.php ]
[ info ] [ LOG ] INIT File
---------------------------------------------------------------
[ 2017-09-17T10:28:05+08:00 ] 120.25.71.185 36.23.80.251 GET /index.php/index/member/myorder.html?code=061z4OMC1pLRF10AIXLC1mELMC1z4OMD&state=123
[ info ] lunwen.jiezanke.com/index.php/index/member/myorder.html?code=061z4OMC1pLRF10AIXLC1mELMC1z4OMD&state=123 [运行时间：1.077190s][吞吐率：0.93req/s] [内存消耗：2,126.16kb] [文件加载：55]
[ info ] [ LANG ] D:\WebTest\lunwen\lunwen\thinkphp\lang\zh-cn.php
[ info ] [ ROUTE ] array (
  'type' => 'module',
  'module' => 
  array (
    0 => 'index',
    1 => 'member',
    2 => 'myorder',
  ),
)
[ info ] [ HEADER ] array (
  'connection' => 'close',
  'accept-encoding' => 'gzip, deflate',
  'accept-language' => 'en-us',
  'user-agent' => 'Mozilla/5.0 (iPhone; CPU iPhone OS 10_3_3 like Mac OS X) AppleWebKit/603.3.8 (KHTML, like Gecko) Mobile/14G60 MicroMessenger/6.5.16 NetType/4G Language/en',
  'accept' => 'text/html,application/xhtml+xml,application/xml;q=0.9,*/*;q=0.8',
  'upgrade-insecure-requests' => '1',
  'host' => 'lunwen.jiezanke.com',
)
[ info ] [ PARAM ] array (
  'code' => '061z4OMC1pLRF10AIXLC1mELMC1z4OMD',
  'state' => '123',
)
[ info ] [ RUN ] app\index\controller\Member->myorder[ D:\WebTest\lunwen\lunwen\app\index\controller\Member.php ]
[ info ] [ SESSION ] INIT array (
  'id' => '',
  'var_session_id' => '',
  'prefix' => 'think',
  'type' => '',
  'auto_start' => true,
)
[ info ] [ DB ] INIT mysql
[ info ] [ VIEW ] D:\WebTest\lunwen\lunwen/app/index\view\member\myorder.html [ array (
  0 => 'mem',
  1 => 'flag',
  2 => 'user',
  3 => 'order',
) ]
[ info ] [ LOG ] INIT File
[ sql ] [ DB ] CONNECT:[ UseTime:0.010743s ] mysql:dbname=lunwen;host=127.0.0.1;port=3306;charset=utf8
[ sql ] [ SQL ] SHOW COLUMNS FROM `jzk_user` [ RunTime:0.003906s ]
[ sql ] [ SQL ] SELECT * FROM `jzk_user` WHERE  `openid` = 'ojWxNwpnuMbkEmjWW0XF6wjJKT3k' LIMIT 1 [ RunTime:0.000000s ]
[ sql ] [ SQL ] SHOW COLUMNS FROM `jzk_order` [ RunTime:0.002930s ]
[ sql ] [ SQL ] SELECT * FROM `jzk_order` WHERE  `WID` = 1765747 [ RunTime:0.000000s ]
[ sql ] [ SQL ] SHOW COLUMNS FROM `jzk_qiandao` [ RunTime:0.002930s ]
[ sql ] [ SQL ] SELECT * FROM `jzk_qiandao` WHERE  `WID` = 1765747 LIMIT 1 [ RunTime:0.000977s ]
---------------------------------------------------------------
[ 2017-09-17T10:28:09+08:00 ] 120.25.71.185 36.23.80.251 GET /index.php/index/index/shop.html
[ info ] lunwen.jiezanke.com/index.php/index/index/shop.html [运行时间：0.273448s][吞吐率：3.66req/s] [内存消耗：1,484.91kb] [文件加载：50]
[ info ] [ LANG ] D:\WebTest\lunwen\lunwen\thinkphp\lang\zh-cn.php
[ info ] [ ROUTE ] array (
  'type' => 'module',
  'module' => 
  array (
    0 => 'index',
    1 => 'index',
    2 => 'shop',
  ),
)
[ info ] [ HEADER ] array (
  'accept-encoding' => 'gzip, deflate',
  'accept-language' => 'en-us',
  'referer' => 'http://lunwen.jiezanke.com/index.php/index/member/myorder.html?code=061z4OMC1pLRF10AIXLC1mELMC1z4OMD&state=123',
  'user-agent' => 'Mozilla/5.0 (iPhone; CPU iPhone OS 10_3_3 like Mac OS X) AppleWebKit/603.3.8 (KHTML, like Gecko) Mobile/14G60 MicroMessenger/6.5.16 NetType/4G Language/en',
  'accept' => 'text/html,application/xhtml+xml,application/xml;q=0.9,*/*;q=0.8',
  'upgrade-insecure-requests' => '1',
  'connection' => 'close',
  'cookie' => 'PHPSESSID=c72ehots044ahjivin47qmckf5',
  'host' => 'lunwen.jiezanke.com',
)
[ info ] [ PARAM ] array (
)
[ info ] [ RUN ] app\index\controller\Index->shop[ D:\WebTest\lunwen\lunwen\app\index\controller\Index.php ]
[ info ] [ SESSION ] INIT array (
  'id' => '',
  'var_session_id' => '',
  'prefix' => 'think',
  'type' => '',
  'auto_start' => true,
)
[ info ] [ LOG ] INIT File
[ error ] [8]未定义数组索引: openid[D:\WebTest\lunwen\lunwen\extend\lib\class_wechat.php:47]
---------------------------------------------------------------
[ 2017-09-17T10:28:13+08:00 ] 120.25.71.185 36.23.80.251 GET /index.php/index/index/order.html
[ info ] lunwen.jiezanke.com/index.php/index/index/order.html [运行时间：0.071291s][吞吐率：14.03req/s] [内存消耗：1,987.36kb] [文件加载：53]
[ info ] [ LANG ] D:\WebTest\lunwen\lunwen\thinkphp\lang\zh-cn.php
[ info ] [ ROUTE ] array (
  'type' => 'module',
  'module' => 
  array (
    0 => 'index',
    1 => 'index',
    2 => 'order',
  ),
)
[ info ] [ HEADER ] array (
  'accept-encoding' => 'gzip, deflate',
  'accept-language' => 'en-us',
  'referer' => 'http://lunwen.jiezanke.com/index.php/index/member/myorder.html?code=061z4OMC1pLRF10AIXLC1mELMC1z4OMD&state=123',
  'user-agent' => 'Mozilla/5.0 (iPhone; CPU iPhone OS 10_3_3 like Mac OS X) AppleWebKit/603.3.8 (KHTML, like Gecko) Mobile/14G60 MicroMessenger/6.5.16 NetType/4G Language/en',
  'accept' => 'text/html,application/xhtml+xml,application/xml;q=0.9,*/*;q=0.8',
  'upgrade-insecure-requests' => '1',
  'connection' => 'close',
  'cookie' => 'PHPSESSID=c72ehots044ahjivin47qmckf5',
  'host' => 'lunwen.jiezanke.com',
)
[ info ] [ PARAM ] array (
)
[ info ] [ RUN ] app\index\controller\Index->order[ D:\WebTest\lunwen\lunwen\app\index\controller\Index.php ]
[ info ] [ SESSION ] INIT array (
  'id' => '',
  'var_session_id' => '',
  'prefix' => 'think',
  'type' => '',
  'auto_start' => true,
)
[ info ] [ DB ] INIT mysql
[ info ] [ VIEW ] D:\WebTest\lunwen\lunwen/app/index\view\index\order.html [ array (
  0 => 'user',
) ]
[ info ] [ LOG ] INIT File
[ sql ] [ DB ] CONNECT:[ UseTime:0.000976s ] mysql:dbname=lunwen;host=127.0.0.1;port=3306;charset=utf8
[ sql ] [ SQL ] SHOW COLUMNS FROM `jzk_user` [ RunTime:0.002930s ]
[ sql ] [ SQL ] SELECT * FROM `jzk_user` WHERE  `openid` IS NULL LIMIT 1 [ RunTime:0.000000s ]
---------------------------------------------------------------
[ 2017-09-17T10:28:21+08:00 ] 120.25.71.185 117.185.27.115 GET /index.php/index/index/shop.html
[ info ] lunwen.jiezanke.com/index.php/index/index/shop.html [运行时间：0.150396s][吞吐率：6.65req/s] [内存消耗：1,482.39kb] [文件加载：50]
[ info ] [ LANG ] D:\WebTest\lunwen\lunwen\thinkphp\lang\zh-cn.php
[ info ] [ ROUTE ] array (
  'type' => 'module',
  'module' => 
  array (
    0 => 'index',
    1 => 'index',
    2 => 'shop',
  ),
)
[ info ] [ HEADER ] array (
  'connection' => 'close',
  'host' => 'lunwen.jiezanke.com',
  'accept-language' => 'zh-CN,zh;q=0.8,en-US;q=0.6,en;q=0.4',
  'accept-encoding' => 'gzip, deflate, sdch, br',
  'accept' => '*/*',
  'user-agent' => 'Mozilla/5.0 (iPhone; CPU iPhone OS 10_2_1 like Mac OS X) AppleWebKit/602.4.6 (KHTML, like Gecko) Mobile/14D27 MicroMessenger/6.5.5 NetType/WIFI Language/en',
)
[ info ] [ PARAM ] array (
)
[ info ] [ RUN ] app\index\controller\Index->shop[ D:\WebTest\lunwen\lunwen\app\index\controller\Index.php ]
[ info ] [ SESSION ] INIT array (
  'id' => '',
  'var_session_id' => '',
  'prefix' => 'think',
  'type' => '',
  'auto_start' => true,
)
[ info ] [ LOG ] INIT File
[ error ] [8]未定义数组索引: openid[D:\WebTest\lunwen\lunwen\extend\lib\class_wechat.php:47]
---------------------------------------------------------------
[ 2017-09-17T11:19:17+08:00 ] 120.25.71.185 36.23.80.251 GET /index.php/index/weixin/getshopcode.html
[ info ] lunwen.jiezanke.com/index.php/index/weixin/getshopcode.html [运行时间：0.024413s][吞吐率：40.96req/s] [内存消耗：1,384.13kb] [文件加载：45]
[ info ] [ LANG ] D:\WebTest\lunwen\lunwen\thinkphp\lang\zh-cn.php
[ info ] [ ROUTE ] array (
  'type' => 'module',
  'module' => 
  array (
    0 => 'index',
    1 => 'weixin',
    2 => 'getshopcode',
  ),
)
[ info ] [ HEADER ] array (
  'connection' => 'close',
  'accept-encoding' => 'gzip, deflate',
  'accept-language' => 'en-us',
  'user-agent' => 'Mozilla/5.0 (iPhone; CPU iPhone OS 10_3_3 like Mac OS X) AppleWebKit/603.3.8 (KHTML, like Gecko) Mobile/14G60 MicroMessenger/6.5.16 NetType/4G Language/en',
  'accept' => 'text/html,application/xhtml+xml,application/xml;q=0.9,*/*;q=0.8',
  'upgrade-insecure-requests' => '1',
  'host' => 'lunwen.jiezanke.com',
)
[ info ] [ PARAM ] array (
)
[ info ] [ RUN ] app\index\controller\Weixin->getshopcode[ D:\WebTest\lunwen\lunwen\app\index\controller\Weixin.php ]
[ info ] [ LOG ] INIT File
---------------------------------------------------------------
[ 2017-09-17T11:19:19+08:00 ] 120.25.71.185 36.23.80.251 GET /index.php/index/index/shop.html?code=061WpGV10cPSYB1GBPW10jDHV10WpGVt&state=123
[ info ] lunwen.jiezanke.com/index.php/index/index/shop.html?code=061WpGV10cPSYB1GBPW10jDHV10WpGVt&state=123 [运行时间：1.075126s][吞吐率：0.93req/s] [内存消耗：2,061.26kb] [文件加载：54]
[ info ] [ LANG ] D:\WebTest\lunwen\lunwen\thinkphp\lang\zh-cn.php
[ info ] [ ROUTE ] array (
  'type' => 'module',
  'module' => 
  array (
    0 => 'index',
    1 => 'index',
    2 => 'shop',
  ),
)
[ info ] [ HEADER ] array (
  'connection' => 'close',
  'accept-encoding' => 'gzip, deflate',
  'accept-language' => 'en-us',
  'user-agent' => 'Mozilla/5.0 (iPhone; CPU iPhone OS 10_3_3 like Mac OS X) AppleWebKit/603.3.8 (KHTML, like Gecko) Mobile/14G60 MicroMessenger/6.5.16 NetType/4G Language/en',
  'accept' => 'text/html,application/xhtml+xml,application/xml;q=0.9,*/*;q=0.8',
  'upgrade-insecure-requests' => '1',
  'host' => 'lunwen.jiezanke.com',
)
[ info ] [ PARAM ] array (
  'code' => '061WpGV10cPSYB1GBPW10jDHV10WpGVt',
  'state' => '123',
)
[ info ] [ RUN ] app\index\controller\Index->shop[ D:\WebTest\lunwen\lunwen\app\index\controller\Index.php ]
[ info ] [ SESSION ] INIT array (
  'id' => '',
  'var_session_id' => '',
  'prefix' => 'think',
  'type' => '',
  'auto_start' => true,
)
[ info ] [ DB ] INIT mysql
[ info ] [ VIEW ] D:\WebTest\lunwen\lunwen/app/index\view\index\shop.html [ array (
  0 => 'goods',
) ]
[ info ] [ LOG ] INIT File
[ sql ] [ DB ] CONNECT:[ UseTime:0.000977s ] mysql:dbname=lunwen;host=127.0.0.1;port=3306;charset=utf8
[ sql ] [ SQL ] SHOW COLUMNS FROM `jzk_user` [ RunTime:0.002930s ]
[ sql ] [ SQL ] SELECT * FROM `jzk_user` WHERE  `openid` = 'ojWxNwpnuMbkEmjWW0XF6wjJKT3k' LIMIT 1 [ RunTime:0.000977s ]
[ sql ] [ SQL ] SHOW COLUMNS FROM `jzk_goods` [ RunTime:0.002929s ]
[ sql ] [ SQL ] SELECT * FROM `jzk_goods` ORDER BY ID desc LIMIT 6 [ RunTime:0.000977s ]
