---------------------------------------------------------------
[ 2017-09-18T06:29:00+08:00 ] 120.25.71.185 107.77.161.8 GET /index.php/index/weixin/getshopcode.html
[ info ] lunwen.jiezanke.com/index.php/index/weixin/getshopcode.html [运行时间：0.025392s][吞吐率：39.38req/s] [内存消耗：1,384.34kb] [文件加载：45]
[ info ] [ LANG ] D:\WebTest\lunwen\lunwen\thinkphp\lang\zh-cn.php
[ info ] [ ROUTE ] array (
  'type' => 'module',
  'module' => 
  array (
    0 => 'index',
    1 => 'weixin',
    2 => 'getshopcode',
  ),
)
[ info ] [ HEADER ] array (
  'connection' => 'close',
  'via' => 'AKRNOHGW01',
  'accept-encoding' => 'gzip, deflate',
  'accept-language' => 'zh-cn',
  'user-agent' => 'Mozilla/5.0 (iPhone; CPU iPhone OS 10_3_3 like Mac OS X) AppleWebKit/603.3.8 (KHTML, like Gecko) Mobile/14G60 MicroMessenger/6.5.16 NetType/WIFI Language/zh_CN',
  'accept' => 'text/html,application/xhtml+xml,application/xml;q=0.9,*/*;q=0.8',
  'upgrade-insecure-requests' => '1',
  'host' => 'lunwen.jiezanke.com',
)
[ info ] [ PARAM ] array (
)
[ info ] [ RUN ] app\index\controller\Weixin->getshopcode[ D:\WebTest\lunwen\lunwen\app\index\controller\Weixin.php ]
[ info ] [ LOG ] INIT File
---------------------------------------------------------------
[ 2017-09-18T06:29:04+08:00 ] 120.25.71.185 107.77.161.8 GET /index.php/index/index/shop.html?code=071EXg7U0qLW0V1sCH7U0Mhb7U0EXg7h&state=123
[ info ] lunwen.jiezanke.com/index.php/index/index/shop.html?code=071EXg7U0qLW0V1sCH7U0Mhb7U0EXg7h&state=123 [运行时间：1.129926s][吞吐率：0.89req/s] [内存消耗：2,047.80kb] [文件加载：53]
[ info ] [ LANG ] D:\WebTest\lunwen\lunwen\thinkphp\lang\zh-cn.php
[ info ] [ ROUTE ] array (
  'type' => 'module',
  'module' => 
  array (
    0 => 'index',
    1 => 'index',
    2 => 'shop',
  ),
)
[ info ] [ HEADER ] array (
  'connection' => 'close',
  'via' => 'AKRNOHGW01',
  'accept-encoding' => 'gzip, deflate',
  'accept-language' => 'zh-cn',
  'user-agent' => 'Mozilla/5.0 (iPhone; CPU iPhone OS 10_3_3 like Mac OS X) AppleWebKit/603.3.8 (KHTML, like Gecko) Mobile/14G60 MicroMessenger/6.5.16 NetType/WIFI Language/zh_CN',
  'accept' => 'text/html,application/xhtml+xml,application/xml;q=0.9,*/*;q=0.8',
  'upgrade-insecure-requests' => '1',
  'host' => 'lunwen.jiezanke.com',
)
[ info ] [ PARAM ] array (
  'code' => '071EXg7U0qLW0V1sCH7U0Mhb7U0EXg7h',
  'state' => '123',
)
[ info ] [ RUN ] app\index\controller\Index->shop[ D:\WebTest\lunwen\lunwen\app\index\controller\Index.php ]
[ info ] [ SESSION ] INIT array (
  'id' => '',
  'var_session_id' => '',
  'prefix' => 'think',
  'type' => '',
  'auto_start' => true,
)
[ info ] [ DB ] INIT mysql
[ info ] [ LOG ] INIT File
[ sql ] [ DB ] CONNECT:[ UseTime:0.011719s ] mysql:dbname=lunwen;host=127.0.0.1;port=3306;charset=utf8
[ sql ] [ SQL ] SHOW COLUMNS FROM `jzk_user` [ RunTime:0.002930s ]
[ sql ] [ SQL ] SELECT * FROM `jzk_user` WHERE  `openid` = 'ojWxNwi8m0So8dxASqklW4OZRlDc' LIMIT 1 [ RunTime:0.000000s ]
---------------------------------------------------------------
[ 2017-09-18T06:29:06+08:00 ] 120.25.71.185 107.77.161.8 GET /index.php/index/login/reg/c/index/a/shop.html
[ info ] lunwen.jiezanke.com/index.php/index/login/reg/c/index/a/shop.html [运行时间：0.064456s][吞吐率：15.51req/s] [内存消耗：1,983.13kb] [文件加载：53]
[ info ] [ LANG ] D:\WebTest\lunwen\lunwen\thinkphp\lang\zh-cn.php
[ info ] [ ROUTE ] array (
  'type' => 'module',
  'module' => 
  array (
    0 => 'index',
    1 => 'login',
    2 => 'reg',
  ),
)
[ info ] [ HEADER ] array (
  'connection' => 'close',
  'via' => 'AKRNOHGW01',
  'accept-encoding' => 'gzip, deflate',
  'accept-language' => 'zh-cn',
  'referer' => 'http://lunwen.jiezanke.com/index.php/index/index/shop.html?code=071EXg7U0qLW0V1sCH7U0Mhb7U0EXg7h&state=123',
  'user-agent' => 'Mozilla/5.0 (iPhone; CPU iPhone OS 10_3_3 like Mac OS X) AppleWebKit/603.3.8 (KHTML, like Gecko) Mobile/14G60 MicroMessenger/6.5.16 NetType/WIFI Language/zh_CN',
  'accept' => 'text/html,application/xhtml+xml,application/xml;q=0.9,*/*;q=0.8',
  'upgrade-insecure-requests' => '1',
  'cookie' => 'PHPSESSID=pa4n0uvvnmjnn5pig4pei4m0e5',
  'host' => 'lunwen.jiezanke.com',
)
[ info ] [ PARAM ] array (
  'c' => 'index',
  'a' => 'shop',
)
[ info ] [ RUN ] app\index\controller\Login->reg[ D:\WebTest\lunwen\lunwen\app\index\controller\Login.php ]
[ info ] [ SESSION ] INIT array (
  'id' => '',
  'var_session_id' => '',
  'prefix' => 'think',
  'type' => '',
  'auto_start' => true,
)
[ info ] [ DB ] INIT mysql
[ info ] [ VIEW ] D:\WebTest\lunwen\lunwen/app/index\view\login\reg.html [ array (
  0 => 'user',
  1 => 'data',
  2 => 'wid',
) ]
[ info ] [ LOG ] INIT File
[ sql ] [ DB ] CONNECT:[ UseTime:0.000977s ] mysql:dbname=lunwen;host=127.0.0.1;port=3306;charset=utf8
[ sql ] [ SQL ] SHOW COLUMNS FROM `jzk_user` [ RunTime:0.001954s ]
[ sql ] [ SQL ] SELECT * FROM `jzk_user` WHERE  `ID` = 1882446 LIMIT 1 [ RunTime:0.000000s ]
---------------------------------------------------------------
[ 2017-09-18T06:29:16+08:00 ] 120.25.71.185 117.185.27.114 GET /index.php/index/login/reg/c/index/a/shop.html
[ info ] lunwen.jiezanke.com/index.php/index/login/reg/c/index/a/shop.html [运行时间：0.035157s][吞吐率：28.44req/s] [内存消耗：1,979.19kb] [文件加载：53]
[ info ] [ LANG ] D:\WebTest\lunwen\lunwen\thinkphp\lang\zh-cn.php
[ info ] [ ROUTE ] array (
  'type' => 'module',
  'module' => 
  array (
    0 => 'index',
    1 => 'login',
    2 => 'reg',
  ),
)
[ info ] [ HEADER ] array (
  'connection' => 'close',
  'host' => 'lunwen.jiezanke.com',
  'accept-language' => 'zh-CN,zh;q=0.8,en-US;q=0.6,en;q=0.4',
  'accept-encoding' => 'gzip, deflate, sdch, br',
  'accept' => '*/*',
  'user-agent' => 'Mozilla/5.0 (Linux; Android 5.1.1; SM801 Build/LMY47V; wv) AppleWebKit/537.36 (KHTML, like Gecko) Version/4.0 Chrome/53.0.2785.49 Mobile MQQBrowser/6.2 TBS/043024 Safari/537.36 MicroMessenger/6.5.4.1000 NetType/4G Language/zh_CN',
)
[ info ] [ PARAM ] array (
  'c' => 'index',
  'a' => 'shop',
)
[ info ] [ RUN ] app\index\controller\Login->reg[ D:\WebTest\lunwen\lunwen\app\index\controller\Login.php ]
[ info ] [ SESSION ] INIT array (
  'id' => '',
  'var_session_id' => '',
  'prefix' => 'think',
  'type' => '',
  'auto_start' => true,
)
[ info ] [ DB ] INIT mysql
[ info ] [ VIEW ] D:\WebTest\lunwen\lunwen/app/index\view\login\reg.html [ array (
  0 => 'user',
  1 => 'data',
  2 => 'wid',
) ]
[ info ] [ LOG ] INIT File
[ sql ] [ DB ] CONNECT:[ UseTime:0.000000s ] mysql:dbname=lunwen;host=127.0.0.1;port=3306;charset=utf8
[ sql ] [ SQL ] SHOW COLUMNS FROM `jzk_user` [ RunTime:0.002930s ]
[ sql ] [ SQL ] SELECT * FROM `jzk_user` WHERE  `ID` = 1714874 LIMIT 1 [ RunTime:0.000977s ]
---------------------------------------------------------------
[ 2017-09-18T06:29:25+08:00 ] 120.25.71.185 117.185.27.114 GET /index.php/index/weixin/getshopcode.html
[ info ] lunwen.jiezanke.com/index.php/index/weixin/getshopcode.html [运行时间：0.021485s][吞吐率：46.54req/s] [内存消耗：1,383.88kb] [文件加载：45]
[ info ] [ LANG ] D:\WebTest\lunwen\lunwen\thinkphp\lang\zh-cn.php
[ info ] [ ROUTE ] array (
  'type' => 'module',
  'module' => 
  array (
    0 => 'index',
    1 => 'weixin',
    2 => 'getshopcode',
  ),
)
[ info ] [ HEADER ] array (
  'connection' => 'close',
  'host' => 'lunwen.jiezanke.com',
  'accept-language' => 'zh-CN,zh;q=0.8,en-US;q=0.6,en;q=0.4',
  'accept-encoding' => 'gzip, deflate, sdch, br',
  'accept' => '*/*',
  'user-agent' => 'Mozilla/5.0 (iPhone; CPU iPhone OS 10_2_1 like Mac OS X) AppleWebKit/602.4.6 (KHTML, like Gecko) Mobile/14D27 MicroMessenger/6.5.5 NetType/WIFI Language/zh_CN',
)
[ info ] [ PARAM ] array (
)
[ info ] [ RUN ] app\index\controller\Weixin->getshopcode[ D:\WebTest\lunwen\lunwen\app\index\controller\Weixin.php ]
[ info ] [ LOG ] INIT File
---------------------------------------------------------------
[ 2017-09-18T06:29:37+08:00 ] 120.25.71.185 101.226.65.108 GET /index.php/index/weixin/getshopcode.html
[ info ] lunwen.jiezanke.com/index.php/index/weixin/getshopcode.html [运行时间：0.021485s][吞吐率：46.54req/s] [内存消耗：1,384.09kb] [文件加载：45]
[ info ] [ LANG ] D:\WebTest\lunwen\lunwen\thinkphp\lang\zh-cn.php
[ info ] [ ROUTE ] array (
  'type' => 'module',
  'module' => 
  array (
    0 => 'index',
    1 => 'weixin',
    2 => 'getshopcode',
  ),
)
[ info ] [ HEADER ] array (
  'connection' => 'close',
  'host' => 'lunwen.jiezanke.com',
  'accept-language' => 'zh-CN,zh;q=0.8,en-US;q=0.6,en;q=0.4',
  'accept-encoding' => 'gzip, deflate, sdch, br',
  'accept' => '*/*',
  'user-agent' => 'Mozilla/5.0 (Linux; Android 5.1.1; SM801 Build/LMY47V; wv) AppleWebKit/537.36 (KHTML, like Gecko) Version/4.0 Chrome/53.0.2785.49 Mobile MQQBrowser/6.2 TBS/043024 Safari/537.36 MicroMessenger/6.5.4.1000 NetType/4G Language/zh_CN',
)
[ info ] [ PARAM ] array (
)
[ info ] [ RUN ] app\index\controller\Weixin->getshopcode[ D:\WebTest\lunwen\lunwen\app\index\controller\Weixin.php ]
[ info ] [ LOG ] INIT File
---------------------------------------------------------------
[ 2017-09-18T06:29:53+08:00 ] 120.25.71.185 107.77.161.8 POST /index.php/index/login/reg.html
[ info ] lunwen.jiezanke.com/index.php/index/login/reg.html [运行时间：0.033204s][吞吐率：30.12req/s] [内存消耗：1,944.01kb] [文件加载：52]
[ info ] [ LANG ] D:\WebTest\lunwen\lunwen\thinkphp\lang\zh-cn.php
[ info ] [ ROUTE ] array (
  'type' => 'module',
  'module' => 
  array (
    0 => 'index',
    1 => 'login',
    2 => 'reg',
  ),
)
[ info ] [ HEADER ] array (
  'connection' => 'close',
  'via' => 'AKRNOHGW01',
  'cookie' => 'PHPSESSID=pa4n0uvvnmjnn5pig4pei4m0e5',
  'content-length' => '291',
  'referer' => 'http://lunwen.jiezanke.com/index.php/index/login/reg/c/index/a/shop.html',
  'user-agent' => 'Mozilla/5.0 (iPhone; CPU iPhone OS 10_3_3 like Mac OS X) AppleWebKit/603.3.8 (KHTML, like Gecko) Mobile/14G60 MicroMessenger/6.5.16 NetType/WIFI Language/zh_CN',
  'origin' => 'http://lunwen.jiezanke.com',
  'content-type' => 'application/x-www-form-urlencoded; charset=UTF-8',
  'accept-encoding' => 'gzip, deflate',
  'accept-language' => 'zh-cn',
  'x-requested-with' => 'XMLHttpRequest',
  'accept' => 'application/json, text/javascript, */*; q=0.01',
  'host' => 'lunwen.jiezanke.com',
)
[ info ] [ PARAM ] array (
  'headimg' => 'http://wx.qlogo.cn/mmopen/vi_32/Q3auHgzwzM5u4rb5HHJRYYQSYaic87KQAAelvfmXdG1575MgezJ4cib6aF2pJjuMCwbkJ8dMkomhSHaZicoQGfC9w/0',
  'openid' => 'ojWxNwi8m0So8dxASqklW4OZRlDc',
  'wid' => '1882446',
  'nickname' => 'Yeco～',
  'username' => '徐先生',
  'email' => 'yecocn@qq.com',
  'tel' => '13248413721',
)
[ info ] [ RUN ] app\index\controller\Login->reg[ D:\WebTest\lunwen\lunwen\app\index\controller\Login.php ]
[ info ] [ SESSION ] INIT array (
  'id' => '',
  'var_session_id' => '',
  'prefix' => 'think',
  'type' => '',
  'auto_start' => true,
)
[ info ] [ DB ] INIT mysql
[ info ] [ LOG ] INIT File
[ sql ] [ DB ] CONNECT:[ UseTime:0.000977s ] mysql:dbname=lunwen;host=127.0.0.1;port=3306;charset=utf8
[ sql ] [ SQL ] SHOW COLUMNS FROM `jzk_user` [ RunTime:0.002929s ]
[ sql ] [ SQL ] SELECT * FROM `jzk_user` WHERE  `ID` = 1454650 LIMIT 1 [ RunTime:0.000977s ]
[ sql ] [ SQL ] INSERT INTO `jzk_user` (`WID` , `openid` , `name` , `nickname` , `tel` , `headimgurl` , `score` , `email` , `date`) VALUES (1882446 , 'ojWxNwi8m0So8dxASqklW4OZRlDc' , '徐先生' , 'Yeco～' , '13248413721' , 'http://wx.qlogo.cn/mmopen/vi_32/Q3auHgzwzM5u4rb5HHJRYYQSYaic87KQAAelvfmXdG1575MgezJ4cib6aF2pJjuMCwbkJ8dMkomhSHaZicoQGfC9w/0' , 0 , 'yecocn@qq.com' , '2017-09-18') [ RunTime:0.000977s ]
---------------------------------------------------------------
[ 2017-09-18T06:29:54+08:00 ] 120.25.71.185 107.77.161.8 GET /index.php/index/index/shop
[ info ] lunwen.jiezanke.com/index.php/index/index/shop [运行时间：0.039064s][吞吐率：25.60req/s] [内存消耗：2,001.38kb] [文件加载：53]
[ info ] [ LANG ] D:\WebTest\lunwen\lunwen\thinkphp\lang\zh-cn.php
[ info ] [ ROUTE ] array (
  'type' => 'module',
  'module' => 
  array (
    0 => 'index',
    1 => 'index',
    2 => 'shop',
  ),
)
[ info ] [ HEADER ] array (
  'connection' => 'close',
  'via' => 'AKRNOHGW01',
  'accept-encoding' => 'gzip, deflate',
  'accept-language' => 'zh-cn',
  'referer' => 'http://lunwen.jiezanke.com/index.php/index/login/reg/c/index/a/shop.html',
  'user-agent' => 'Mozilla/5.0 (iPhone; CPU iPhone OS 10_3_3 like Mac OS X) AppleWebKit/603.3.8 (KHTML, like Gecko) Mobile/14G60 MicroMessenger/6.5.16 NetType/WIFI Language/zh_CN',
  'accept' => 'text/html,application/xhtml+xml,application/xml;q=0.9,*/*;q=0.8',
  'upgrade-insecure-requests' => '1',
  'cookie' => 'PHPSESSID=pa4n0uvvnmjnn5pig4pei4m0e5',
  'host' => 'lunwen.jiezanke.com',
)
[ info ] [ PARAM ] array (
)
[ info ] [ RUN ] app\index\controller\Index->shop[ D:\WebTest\lunwen\lunwen\app\index\controller\Index.php ]
[ info ] [ SESSION ] INIT array (
  'id' => '',
  'var_session_id' => '',
  'prefix' => 'think',
  'type' => '',
  'auto_start' => true,
)
[ info ] [ DB ] INIT mysql
[ info ] [ VIEW ] D:\WebTest\lunwen\lunwen/app/index\view\index\shop.html [ array (
  0 => 'goods',
) ]
[ info ] [ LOG ] INIT File
[ sql ] [ DB ] CONNECT:[ UseTime:0.000000s ] mysql:dbname=lunwen;host=127.0.0.1;port=3306;charset=utf8
[ sql ] [ SQL ] SHOW COLUMNS FROM `jzk_user` [ RunTime:0.002929s ]
[ sql ] [ SQL ] SELECT * FROM `jzk_user` WHERE  `openid` = 'ojWxNwi8m0So8dxASqklW4OZRlDc' LIMIT 1 [ RunTime:0.000977s ]
[ sql ] [ SQL ] SHOW COLUMNS FROM `jzk_goods` [ RunTime:0.002930s ]
[ sql ] [ SQL ] SELECT * FROM `jzk_goods` ORDER BY ID desc LIMIT 6 [ RunTime:0.000000s ]
---------------------------------------------------------------
[ 2017-09-18T06:30:04+08:00 ] 120.25.71.185 117.185.27.114 GET /index.php/index/index/shop
[ info ] lunwen.jiezanke.com/index.php/index/index/shop [运行时间：0.165045s][吞吐率：6.06req/s] [内存消耗：1,482.63kb] [文件加载：50]
[ info ] [ LANG ] D:\WebTest\lunwen\lunwen\thinkphp\lang\zh-cn.php
[ info ] [ ROUTE ] array (
  'type' => 'module',
  'module' => 
  array (
    0 => 'index',
    1 => 'index',
    2 => 'shop',
  ),
)
[ info ] [ HEADER ] array (
  'connection' => 'close',
  'host' => 'lunwen.jiezanke.com',
  'accept-language' => 'zh-CN,zh;q=0.8,en-US;q=0.6,en;q=0.4',
  'accept-encoding' => 'gzip, deflate, sdch, br',
  'accept' => '*/*',
  'user-agent' => 'Mozilla/5.0 (Linux; Android 5.1.1; SM801 Build/LMY47V; wv) AppleWebKit/537.36 (KHTML, like Gecko) Version/4.0 Chrome/53.0.2785.49 Mobile MQQBrowser/6.2 TBS/043024 Safari/537.36 MicroMessenger/6.5.4.1000 NetType/4G Language/zh_CN',
)
[ info ] [ PARAM ] array (
)
[ info ] [ RUN ] app\index\controller\Index->shop[ D:\WebTest\lunwen\lunwen\app\index\controller\Index.php ]
[ info ] [ SESSION ] INIT array (
  'id' => '',
  'var_session_id' => '',
  'prefix' => 'think',
  'type' => '',
  'auto_start' => true,
)
[ info ] [ LOG ] INIT File
[ error ] [8]未定义数组索引: openid[D:\WebTest\lunwen\lunwen\extend\lib\class_wechat.php:47]
---------------------------------------------------------------
[ 2017-09-18T06:30:05+08:00 ] 120.25.71.185 107.77.161.8 GET /index.php/index/index/order.html
[ info ] lunwen.jiezanke.com/index.php/index/index/order.html [运行时间：0.034181s][吞吐率：29.26req/s] [内存消耗：1,992.09kb] [文件加载：53]
[ info ] [ LANG ] D:\WebTest\lunwen\lunwen\thinkphp\lang\zh-cn.php
[ info ] [ ROUTE ] array (
  'type' => 'module',
  'module' => 
  array (
    0 => 'index',
    1 => 'index',
    2 => 'order',
  ),
)
[ info ] [ HEADER ] array (
  'connection' => 'close',
  'via' => 'AKRNOHGW01',
  'accept-encoding' => 'gzip, deflate',
  'accept-language' => 'zh-cn',
  'referer' => 'http://lunwen.jiezanke.com/index.php/index/index/shop',
  'user-agent' => 'Mozilla/5.0 (iPhone; CPU iPhone OS 10_3_3 like Mac OS X) AppleWebKit/603.3.8 (KHTML, like Gecko) Mobile/14G60 MicroMessenger/6.5.16 NetType/WIFI Language/zh_CN',
  'accept' => 'text/html,application/xhtml+xml,application/xml;q=0.9,*/*;q=0.8',
  'upgrade-insecure-requests' => '1',
  'cookie' => 'PHPSESSID=pa4n0uvvnmjnn5pig4pei4m0e5',
  'host' => 'lunwen.jiezanke.com',
)
[ info ] [ PARAM ] array (
)
[ info ] [ RUN ] app\index\controller\Index->order[ D:\WebTest\lunwen\lunwen\app\index\controller\Index.php ]
[ info ] [ SESSION ] INIT array (
  'id' => '',
  'var_session_id' => '',
  'prefix' => 'think',
  'type' => '',
  'auto_start' => true,
)
[ info ] [ DB ] INIT mysql
[ info ] [ VIEW ] D:\WebTest\lunwen\lunwen/app/index\view\index\order.html [ array (
  0 => 'user',
) ]
[ info ] [ LOG ] INIT File
[ sql ] [ DB ] CONNECT:[ UseTime:0.000976s ] mysql:dbname=lunwen;host=127.0.0.1;port=3306;charset=utf8
[ sql ] [ SQL ] SHOW COLUMNS FROM `jzk_user` [ RunTime:0.002930s ]
[ sql ] [ SQL ] SELECT * FROM `jzk_user` WHERE  `openid` = 'ojWxNwi8m0So8dxASqklW4OZRlDc' LIMIT 1 [ RunTime:0.000000s ]
---------------------------------------------------------------
[ 2017-09-18T06:30:16+08:00 ] 120.25.71.185 101.226.33.200 GET /index.php/index/index/shop
[ info ] lunwen.jiezanke.com/index.php/index/index/shop [运行时间：0.160162s][吞吐率：6.24req/s] [内存消耗：1,482.38kb] [文件加载：50]
[ info ] [ LANG ] D:\WebTest\lunwen\lunwen\thinkphp\lang\zh-cn.php
[ info ] [ ROUTE ] array (
  'type' => 'module',
  'module' => 
  array (
    0 => 'index',
    1 => 'index',
    2 => 'shop',
  ),
)
[ info ] [ HEADER ] array (
  'connection' => 'close',
  'host' => 'lunwen.jiezanke.com',
  'accept-language' => 'zh-CN,zh;q=0.8,en-US;q=0.6,en;q=0.4',
  'accept-encoding' => 'gzip, deflate, sdch, br',
  'accept' => '*/*',
  'user-agent' => 'Mozilla/5.0 (iPhone; CPU iPhone OS 10_2_1 like Mac OS X) AppleWebKit/602.4.6 (KHTML, like Gecko) Mobile/14D27 MicroMessenger/6.5.5 NetType/WIFI Language/en',
)
[ info ] [ PARAM ] array (
)
[ info ] [ RUN ] app\index\controller\Index->shop[ D:\WebTest\lunwen\lunwen\app\index\controller\Index.php ]
[ info ] [ SESSION ] INIT array (
  'id' => '',
  'var_session_id' => '',
  'prefix' => 'think',
  'type' => '',
  'auto_start' => true,
)
[ info ] [ LOG ] INIT File
[ error ] [8]未定义数组索引: openid[D:\WebTest\lunwen\lunwen\extend\lib\class_wechat.php:47]
---------------------------------------------------------------
[ 2017-09-18T11:01:15+08:00 ] 120.25.71.185 14.17.3.64 GET /
[ info ] lunwen.jiezanke.com/ [运行时间：0.049801s][吞吐率：20.08req/s] [内存消耗：1,993.13kb] [文件加载：53]
[ info ] [ LANG ] D:\WebTest\lunwen\lunwen\thinkphp\lang\zh-cn.php
[ info ] [ ROUTE ] array (
  'type' => 'module',
  'module' => 
  array (
    0 => '',
    1 => NULL,
    2 => NULL,
  ),
)
[ info ] [ HEADER ] array (
  'connection' => 'close',
  'user-agent' => 'Mozilla/5.0 (iPhone; CPU iPhone OS 9_3_4 like Mac OS X) AppleWebKit/601.1.46 (KHTML, like Gecko) Mobile/13G35 QQ/6.5.3.410 V1_IPH_SQ_6.5.3_1_APP_A Pixel/750 Core/UIWebView NetType/2G Mem/117',
  'accept-language' => 'zh-cn',
  'accept' => '*/*',
  'accept-encoding' => 'deflate, gzip',
  'host' => 'lunwen.jiezanke.com',
)
[ info ] [ PARAM ] array (
)
[ info ] [ RUN ] app\index\controller\Index->index[ D:\WebTest\lunwen\lunwen\app\index\controller\Index.php ]
[ info ] [ DB ] INIT mysql
[ info ] [ VIEW ] D:\WebTest\lunwen\lunwen/app/index\view\index\index.html [ array (
  0 => 'order',
) ]
[ info ] [ LOG ] INIT File
[ sql ] [ DB ] CONNECT:[ UseTime:0.010741s ] mysql:dbname=lunwen;host=127.0.0.1;port=3306;charset=utf8
[ sql ] [ SQL ] SHOW COLUMNS FROM `jzk_order` [ RunTime:0.002929s ]
[ sql ] [ SQL ] SELECT * FROM `jzk_order` WHERE  `flag` = 0  AND `complete` = 0 [ RunTime:0.000976s ]
---------------------------------------------------------------
[ 2017-09-18T11:01:24+08:00 ] 120.25.71.185 101.226.89.119 GET /
[ info ] lunwen.jiezanke.com/ [运行时间：0.035154s][吞吐率：28.45req/s] [内存消耗：1,993.13kb] [文件加载：53]
[ info ] [ LANG ] D:\WebTest\lunwen\lunwen\thinkphp\lang\zh-cn.php
[ info ] [ ROUTE ] array (
  'type' => 'module',
  'module' => 
  array (
    0 => '',
    1 => NULL,
    2 => NULL,
  ),
)
[ info ] [ HEADER ] array (
  'connection' => 'close',
  'host' => 'lunwen.jiezanke.com',
  'accept-language' => 'zh-CN,zh;q=0.8,en-US;q=0.6,en;q=0.4',
  'accept-encoding' => 'gzip, deflate, sdch, br',
  'accept' => '*/*',
  'user-agent' => 'Mozilla/5.0 (Windows NT 6.1; WOW64) AppleWebKit/537.36 (KHTML, like Gecko) Chrome/53.0.2785.104 Safari/537.36 Core/1.53.2141.400 QQBrowser/9.5.10219.400',
)
[ info ] [ PARAM ] array (
)
[ info ] [ RUN ] app\index\controller\Index->index[ D:\WebTest\lunwen\lunwen\app\index\controller\Index.php ]
[ info ] [ DB ] INIT mysql
[ info ] [ VIEW ] D:\WebTest\lunwen\lunwen/app/index\view\index\index.html [ array (
  0 => 'order',
) ]
[ info ] [ LOG ] INIT File
[ sql ] [ DB ] CONNECT:[ UseTime:0.000000s ] mysql:dbname=lunwen;host=127.0.0.1;port=3306;charset=utf8
[ sql ] [ SQL ] SHOW COLUMNS FROM `jzk_order` [ RunTime:0.002930s ]
[ sql ] [ SQL ] SELECT * FROM `jzk_order` WHERE  `flag` = 0  AND `complete` = 0 [ RunTime:0.000976s ]
---------------------------------------------------------------
[ 2017-09-18T16:29:42+08:00 ] 120.25.71.185 107.77.161.7 GET /index.php/index/weixin/getshopcode.html
[ info ] lunwen.jiezanke.com/index.php/index/weixin/getshopcode.html [运行时间：0.024413s][吞吐率：40.96req/s] [内存消耗：1,384.35kb] [文件加载：45]
[ info ] [ LANG ] D:\WebTest\lunwen\lunwen\thinkphp\lang\zh-cn.php
[ info ] [ ROUTE ] array (
  'type' => 'module',
  'module' => 
  array (
    0 => 'index',
    1 => 'weixin',
    2 => 'getshopcode',
  ),
)
[ info ] [ HEADER ] array (
  'connection' => 'close',
  'via' => 'AKRNOHGW01',
  'accept-encoding' => 'gzip, deflate',
  'accept-language' => 'zh-cn',
  'user-agent' => 'Mozilla/5.0 (iPhone; CPU iPhone OS 10_3_3 like Mac OS X) AppleWebKit/603.3.8 (KHTML, like Gecko) Mobile/14G60 MicroMessenger/6.5.16 NetType/WIFI Language/zh_CN',
  'accept' => 'text/html,application/xhtml+xml,application/xml;q=0.9,*/*;q=0.8',
  'upgrade-insecure-requests' => '1',
  'host' => 'lunwen.jiezanke.com',
)
[ info ] [ PARAM ] array (
)
[ info ] [ RUN ] app\index\controller\Weixin->getshopcode[ D:\WebTest\lunwen\lunwen\app\index\controller\Weixin.php ]
[ info ] [ LOG ] INIT File
---------------------------------------------------------------
[ 2017-09-18T16:29:46+08:00 ] 120.25.71.185 107.77.161.7 GET /index.php/index/index/shop.html?code=071bVX6s1j5RYp0F4L6s1fJ37s1bVX63&state=123
[ info ] lunwen.jiezanke.com/index.php/index/index/shop.html?code=071bVX6s1j5RYp0F4L6s1fJ37s1bVX63&state=123 [运行时间：1.080009s][吞吐率：0.93req/s] [内存消耗：2,061.43kb] [文件加载：54]
[ info ] [ LANG ] D:\WebTest\lunwen\lunwen\thinkphp\lang\zh-cn.php
[ info ] [ ROUTE ] array (
  'type' => 'module',
  'module' => 
  array (
    0 => 'index',
    1 => 'index',
    2 => 'shop',
  ),
)
[ info ] [ HEADER ] array (
  'connection' => 'close',
  'via' => 'AKRNOHGW01',
  'accept-encoding' => 'gzip, deflate',
  'accept-language' => 'zh-cn',
  'user-agent' => 'Mozilla/5.0 (iPhone; CPU iPhone OS 10_3_3 like Mac OS X) AppleWebKit/603.3.8 (KHTML, like Gecko) Mobile/14G60 MicroMessenger/6.5.16 NetType/WIFI Language/zh_CN',
  'accept' => 'text/html,application/xhtml+xml,application/xml;q=0.9,*/*;q=0.8',
  'upgrade-insecure-requests' => '1',
  'host' => 'lunwen.jiezanke.com',
)
[ info ] [ PARAM ] array (
  'code' => '071bVX6s1j5RYp0F4L6s1fJ37s1bVX63',
  'state' => '123',
)
[ info ] [ RUN ] app\index\controller\Index->shop[ D:\WebTest\lunwen\lunwen\app\index\controller\Index.php ]
[ info ] [ SESSION ] INIT array (
  'id' => '',
  'var_session_id' => '',
  'prefix' => 'think',
  'type' => '',
  'auto_start' => true,
)
[ info ] [ DB ] INIT mysql
[ info ] [ VIEW ] D:\WebTest\lunwen\lunwen/app/index\view\index\shop.html [ array (
  0 => 'goods',
) ]
[ info ] [ LOG ] INIT File
[ sql ] [ DB ] CONNECT:[ UseTime:0.010742s ] mysql:dbname=lunwen;host=127.0.0.1;port=3306;charset=utf8
[ sql ] [ SQL ] SHOW COLUMNS FROM `jzk_user` [ RunTime:0.002930s ]
[ sql ] [ SQL ] SELECT * FROM `jzk_user` WHERE  `openid` = 'ojWxNwpnuMbkEmjWW0XF6wjJKT3k' LIMIT 1 [ RunTime:0.000000s ]
[ sql ] [ SQL ] SHOW COLUMNS FROM `jzk_goods` [ RunTime:0.002929s ]
[ sql ] [ SQL ] SELECT * FROM `jzk_goods` ORDER BY ID desc LIMIT 6 [ RunTime:0.000977s ]
---------------------------------------------------------------
[ 2017-09-18T17:16:10+08:00 ] 120.25.71.185 183.57.53.177 GET /
[ info ] lunwen.jiezanke.com/ [运行时间：0.049807s][吞吐率：20.08req/s] [内存消耗：1,993.13kb] [文件加载：53]
[ info ] [ LANG ] D:\WebTest\lunwen\lunwen\thinkphp\lang\zh-cn.php
[ info ] [ ROUTE ] array (
  'type' => 'module',
  'module' => 
  array (
    0 => '',
    1 => NULL,
    2 => NULL,
  ),
)
[ info ] [ HEADER ] array (
  'connection' => 'close',
  'user-agent' => 'Mozilla/5.0 (iPhone; CPU iPhone OS 9_3_4 like Mac OS X) AppleWebKit/601.1.46 (KHTML, like Gecko) Mobile/13G35 QQ/6.5.3.410 V1_IPH_SQ_6.5.3_1_APP_A Pixel/750 Core/UIWebView NetType/2G Mem/117',
  'accept-language' => 'zh-cn',
  'accept' => '*/*',
  'accept-encoding' => 'deflate, gzip',
  'host' => 'lunwen.jiezanke.com',
)
[ info ] [ PARAM ] array (
)
[ info ] [ RUN ] app\index\controller\Index->index[ D:\WebTest\lunwen\lunwen\app\index\controller\Index.php ]
[ info ] [ DB ] INIT mysql
[ info ] [ VIEW ] D:\WebTest\lunwen\lunwen/app/index\view\index\index.html [ array (
  0 => 'order',
) ]
[ info ] [ LOG ] INIT File
[ sql ] [ DB ] CONNECT:[ UseTime:0.011719s ] mysql:dbname=lunwen;host=127.0.0.1;port=3306;charset=utf8
[ sql ] [ SQL ] SHOW COLUMNS FROM `jzk_order` [ RunTime:0.003907s ]
[ sql ] [ SQL ] SELECT * FROM `jzk_order` WHERE  `flag` = 0  AND `complete` = 0 [ RunTime:0.000977s ]
---------------------------------------------------------------
[ 2017-09-18T17:28:21+08:00 ] 120.25.71.185 14.222.41.158 GET /
[ info ] lunwen.jiezanke.com/ [运行时间：0.049806s][吞吐率：20.08req/s] [内存消耗：1,993.29kb] [文件加载：53]
[ info ] [ LANG ] D:\WebTest\lunwen\lunwen\thinkphp\lang\zh-cn.php
[ info ] [ ROUTE ] array (
  'type' => 'module',
  'module' => 
  array (
    0 => '',
    1 => NULL,
    2 => NULL,
  ),
)
[ info ] [ HEADER ] array (
  'accept-language' => 'zh-CN,zh;q=0.8',
  'accept-encoding' => 'gzip, deflate',
  'accept' => 'text/html,application/xhtml+xml,application/xml;q=0.9,image/webp,image/apng,*/*;q=0.8',
  'user-agent' => 'Mozilla/5.0 (Windows NT 6.1; WOW64) AppleWebKit/537.36 (KHTML, like Gecko) Chrome/60.0.3112.90 Safari/537.36',
  'upgrade-insecure-requests' => '1',
  'connection' => 'close',
  'host' => 'lunwen.jiezanke.com',
)
[ info ] [ PARAM ] array (
)
[ info ] [ RUN ] app\index\controller\Index->index[ D:\WebTest\lunwen\lunwen\app\index\controller\Index.php ]
[ info ] [ DB ] INIT mysql
[ info ] [ VIEW ] D:\WebTest\lunwen\lunwen/app/index\view\index\index.html [ array (
  0 => 'order',
) ]
[ info ] [ LOG ] INIT File
[ sql ] [ DB ] CONNECT:[ UseTime:0.011719s ] mysql:dbname=lunwen;host=127.0.0.1;port=3306;charset=utf8
[ sql ] [ SQL ] SHOW COLUMNS FROM `jzk_order` [ RunTime:0.002930s ]
[ sql ] [ SQL ] SELECT * FROM `jzk_order` WHERE  `flag` = 0  AND `complete` = 0 [ RunTime:0.000000s ]
---------------------------------------------------------------
[ 2017-09-18T17:29:11+08:00 ] 120.25.71.185 14.222.41.158 GET /index.php/index/weixin/menu
[ info ] lunwen.jiezanke.com/index.php/index/weixin/menu [运行时间：1.572165s][吞吐率：0.64req/s] [内存消耗：1,447.54kb] [文件加载：46]
[ info ] [ LANG ] D:\WebTest\lunwen\lunwen\thinkphp\lang\zh-cn.php
[ info ] [ ROUTE ] array (
  'type' => 'module',
  'module' => 
  array (
    0 => 'index',
    1 => 'weixin',
    2 => 'menu',
  ),
)
[ info ] [ HEADER ] array (
  'accept-language' => 'zh-CN,zh;q=0.8',
  'accept-encoding' => 'gzip, deflate',
  'accept' => 'text/html,application/xhtml+xml,application/xml;q=0.9,image/webp,image/apng,*/*;q=0.8',
  'user-agent' => 'Mozilla/5.0 (Windows NT 6.1; WOW64) AppleWebKit/537.36 (KHTML, like Gecko) Chrome/60.0.3112.90 Safari/537.36',
  'upgrade-insecure-requests' => '1',
  'connection' => 'close',
  'host' => 'lunwen.jiezanke.com',
)
[ info ] [ PARAM ] array (
)
[ info ] [ RUN ] app\index\controller\Weixin->menu[ D:\WebTest\lunwen\lunwen\app\index\controller\Weixin.php ]
[ info ] [ LOG ] INIT File
---------------------------------------------------------------
[ 2017-09-18T17:29:58+08:00 ] 120.25.71.185 14.222.41.158 GET /index.php/index/weixin/menu
[ info ] lunwen.jiezanke.com/index.php/index/weixin/menu [运行时间：1.294839s][吞吐率：0.77req/s] [内存消耗：1,447.74kb] [文件加载：46]
[ info ] [ LANG ] D:\WebTest\lunwen\lunwen\thinkphp\lang\zh-cn.php
[ info ] [ ROUTE ] array (
  'type' => 'module',
  'module' => 
  array (
    0 => 'index',
    1 => 'weixin',
    2 => 'menu',
  ),
)
[ info ] [ HEADER ] array (
  'accept-language' => 'zh-CN,zh;q=0.8',
  'accept-encoding' => 'gzip, deflate',
  'accept' => 'text/html,application/xhtml+xml,application/xml;q=0.9,image/webp,image/apng,*/*;q=0.8',
  'user-agent' => 'Mozilla/5.0 (Windows NT 6.1; WOW64) AppleWebKit/537.36 (KHTML, like Gecko) Chrome/60.0.3112.90 Safari/537.36',
  'upgrade-insecure-requests' => '1',
  'cache-control' => 'max-age=0',
  'connection' => 'close',
  'host' => 'lunwen.jiezanke.com',
)
[ info ] [ PARAM ] array (
)
[ info ] [ RUN ] app\index\controller\Weixin->menu[ D:\WebTest\lunwen\lunwen\app\index\controller\Weixin.php ]
[ info ] [ LOG ] INIT File
---------------------------------------------------------------
[ 2017-09-18T17:30:04+08:00 ] 120.25.71.185 14.222.41.158 GET /index.php/index/weixin/menu
[ info ] lunwen.jiezanke.com/index.php/index/weixin/menu [运行时间：1.289956s][吞吐率：0.78req/s] [内存消耗：1,447.74kb] [文件加载：46]
[ info ] [ LANG ] D:\WebTest\lunwen\lunwen\thinkphp\lang\zh-cn.php
[ info ] [ ROUTE ] array (
  'type' => 'module',
  'module' => 
  array (
    0 => 'index',
    1 => 'weixin',
    2 => 'menu',
  ),
)
[ info ] [ HEADER ] array (
  'accept-language' => 'zh-CN,zh;q=0.8',
  'accept-encoding' => 'gzip, deflate',
  'accept' => 'text/html,application/xhtml+xml,application/xml;q=0.9,image/webp,image/apng,*/*;q=0.8',
  'user-agent' => 'Mozilla/5.0 (Windows NT 6.1; WOW64) AppleWebKit/537.36 (KHTML, like Gecko) Chrome/60.0.3112.90 Safari/537.36',
  'upgrade-insecure-requests' => '1',
  'cache-control' => 'max-age=0',
  'connection' => 'close',
  'host' => 'lunwen.jiezanke.com',
)
[ info ] [ PARAM ] array (
)
[ info ] [ RUN ] app\index\controller\Weixin->menu[ D:\WebTest\lunwen\lunwen\app\index\controller\Weixin.php ]
[ info ] [ LOG ] INIT File
---------------------------------------------------------------
[ 2017-09-18T17:33:09+08:00 ] 120.25.71.185 14.222.41.158 GET /index.php/index/weixin/menu
[ info ] lunwen.jiezanke.com/index.php/index/weixin/menu [运行时间：1.319251s][吞吐率：0.76req/s] [内存消耗：1,447.65kb] [文件加载：46]
[ info ] [ LANG ] D:\WebTest\lunwen\lunwen\thinkphp\lang\zh-cn.php
[ info ] [ ROUTE ] array (
  'type' => 'module',
  'module' => 
  array (
    0 => 'index',
    1 => 'weixin',
    2 => 'menu',
  ),
)
[ info ] [ HEADER ] array (
  'accept-language' => 'zh-CN,zh;q=0.8',
  'accept-encoding' => 'gzip, deflate',
  'accept' => 'text/html,application/xhtml+xml,application/xml;q=0.9,image/webp,image/apng,*/*;q=0.8',
  'user-agent' => 'Mozilla/5.0 (Windows NT 6.1; WOW64) AppleWebKit/537.36 (KHTML, like Gecko) Chrome/60.0.3112.90 Safari/537.36',
  'upgrade-insecure-requests' => '1',
  'cache-control' => 'max-age=0',
  'connection' => 'close',
  'host' => 'lunwen.jiezanke.com',
)
[ info ] [ PARAM ] array (
)
[ info ] [ RUN ] app\index\controller\Weixin->menu[ D:\WebTest\lunwen\lunwen\app\index\controller\Weixin.php ]
[ info ] [ LOG ] INIT File
---------------------------------------------------------------
[ 2017-09-18T17:39:32+08:00 ] 120.25.71.185 101.226.65.104 GET /index.php/index/weixin/menu
[ info ] lunwen.jiezanke.com/index.php/index/weixin/menu [运行时间：1.276285s][吞吐率：0.78req/s] [内存消耗：1,446.87kb] [文件加载：46]
[ info ] [ LANG ] D:\WebTest\lunwen\lunwen\thinkphp\lang\zh-cn.php
[ info ] [ ROUTE ] array (
  'type' => 'module',
  'module' => 
  array (
    0 => 'index',
    1 => 'weixin',
    2 => 'menu',
  ),
)
[ info ] [ HEADER ] array (
  'connection' => 'close',
  'host' => 'lunwen.jiezanke.com',
  'accept-language' => 'zh-CN,zh;q=0.8,en-US;q=0.6,en;q=0.4',
  'accept-encoding' => 'gzip, deflate, sdch, br',
  'accept' => '*/*',
  'user-agent' => 'Mozilla/5.0 (Windows NT 6.1; WOW64; rv:50.0) Gecko/20100101 Firefox/50.0',
)
[ info ] [ PARAM ] array (
)
[ info ] [ RUN ] app\index\controller\Weixin->menu[ D:\WebTest\lunwen\lunwen\app\index\controller\Weixin.php ]
[ info ] [ LOG ] INIT File
---------------------------------------------------------------
[ 2017-09-18T17:43:41+08:00 ] 120.25.71.185 14.222.41.158 GET /index.php/index/weixin/menu
[ info ] lunwen.jiezanke.com/index.php/index/weixin/menu [运行时间：1.315345s][吞吐率：0.76req/s] [内存消耗：1,446.63kb] [文件加载：46]
[ info ] [ LANG ] D:\WebTest\lunwen\lunwen\thinkphp\lang\zh-cn.php
[ info ] [ ROUTE ] array (
  'type' => 'module',
  'module' => 
  array (
    0 => 'index',
    1 => 'weixin',
    2 => 'menu',
  ),
)
[ info ] [ HEADER ] array (
  'accept-language' => 'zh-CN,zh;q=0.8',
  'accept-encoding' => 'gzip, deflate',
  'accept' => 'text/html,application/xhtml+xml,application/xml;q=0.9,image/webp,image/apng,*/*;q=0.8',
  'user-agent' => 'Mozilla/5.0 (Windows NT 6.1; WOW64) AppleWebKit/537.36 (KHTML, like Gecko) Chrome/60.0.3112.90 Safari/537.36',
  'upgrade-insecure-requests' => '1',
  'cache-control' => 'max-age=0',
  'connection' => 'close',
  'host' => 'lunwen.jiezanke.com',
)
[ info ] [ PARAM ] array (
)
[ info ] [ RUN ] app\index\controller\Weixin->menu[ D:\WebTest\lunwen\lunwen\app\index\controller\Weixin.php ]
[ info ] [ LOG ] INIT File
---------------------------------------------------------------
[ 2017-09-18T17:44:21+08:00 ] 120.25.71.185 14.222.41.158 GET /index.php/index/weixin/menu
[ info ] lunwen.jiezanke.com/index.php/index/weixin/menu [运行时间：1.249071s][吞吐率：0.80req/s] [内存消耗：1,446.63kb] [文件加载：46]
[ info ] [ LANG ] D:\WebTest\lunwen\lunwen\thinkphp\lang\zh-cn.php
[ info ] [ ROUTE ] array (
  'type' => 'module',
  'module' => 
  array (
    0 => 'index',
    1 => 'weixin',
    2 => 'menu',
  ),
)
[ info ] [ HEADER ] array (
  'accept-language' => 'zh-CN,zh;q=0.8',
  'accept-encoding' => 'gzip, deflate',
  'accept' => 'text/html,application/xhtml+xml,application/xml;q=0.9,image/webp,image/apng,*/*;q=0.8',
  'user-agent' => 'Mozilla/5.0 (Windows NT 6.1; WOW64) AppleWebKit/537.36 (KHTML, like Gecko) Chrome/60.0.3112.90 Safari/537.36',
  'upgrade-insecure-requests' => '1',
  'cache-control' => 'max-age=0',
  'connection' => 'close',
  'host' => 'lunwen.jiezanke.com',
)
[ info ] [ PARAM ] array (
)
[ info ] [ RUN ] app\index\controller\Weixin->menu[ D:\WebTest\lunwen\lunwen\app\index\controller\Weixin.php ]
[ info ] [ LOG ] INIT File
---------------------------------------------------------------
[ 2017-09-18T17:44:29+08:00 ] 120.25.71.185 14.222.41.158 GET /index.php/index/weixin/menu
[ info ] lunwen.jiezanke.com/index.php/index/weixin/menu [运行时间：1.275440s][吞吐率：0.78req/s] [内存消耗：1,446.63kb] [文件加载：46]
[ info ] [ LANG ] D:\WebTest\lunwen\lunwen\thinkphp\lang\zh-cn.php
[ info ] [ ROUTE ] array (
  'type' => 'module',
  'module' => 
  array (
    0 => 'index',
    1 => 'weixin',
    2 => 'menu',
  ),
)
[ info ] [ HEADER ] array (
  'accept-language' => 'zh-CN,zh;q=0.8',
  'accept-encoding' => 'gzip, deflate',
  'accept' => 'text/html,application/xhtml+xml,application/xml;q=0.9,image/webp,image/apng,*/*;q=0.8',
  'user-agent' => 'Mozilla/5.0 (Windows NT 6.1; WOW64) AppleWebKit/537.36 (KHTML, like Gecko) Chrome/60.0.3112.90 Safari/537.36',
  'upgrade-insecure-requests' => '1',
  'cache-control' => 'max-age=0',
  'connection' => 'close',
  'host' => 'lunwen.jiezanke.com',
)
[ info ] [ PARAM ] array (
)
[ info ] [ RUN ] app\index\controller\Weixin->menu[ D:\WebTest\lunwen\lunwen\app\index\controller\Weixin.php ]
[ info ] [ LOG ] INIT File
---------------------------------------------------------------
[ 2017-09-18T17:44:32+08:00 ] 120.25.71.185 14.222.41.158 GET /index.php/index/weixin/menu
[ info ] lunwen.jiezanke.com/index.php/index/weixin/menu [运行时间：1.301808s][吞吐率：0.77req/s] [内存消耗：1,446.63kb] [文件加载：46]
[ info ] [ LANG ] D:\WebTest\lunwen\lunwen\thinkphp\lang\zh-cn.php
[ info ] [ ROUTE ] array (
  'type' => 'module',
  'module' => 
  array (
    0 => 'index',
    1 => 'weixin',
    2 => 'menu',
  ),
)
[ info ] [ HEADER ] array (
  'accept-language' => 'zh-CN,zh;q=0.8',
  'accept-encoding' => 'gzip, deflate',
  'accept' => 'text/html,application/xhtml+xml,application/xml;q=0.9,image/webp,image/apng,*/*;q=0.8',
  'user-agent' => 'Mozilla/5.0 (Windows NT 6.1; WOW64) AppleWebKit/537.36 (KHTML, like Gecko) Chrome/60.0.3112.90 Safari/537.36',
  'upgrade-insecure-requests' => '1',
  'cache-control' => 'max-age=0',
  'connection' => 'close',
  'host' => 'lunwen.jiezanke.com',
)
[ info ] [ PARAM ] array (
)
[ info ] [ RUN ] app\index\controller\Weixin->menu[ D:\WebTest\lunwen\lunwen\app\index\controller\Weixin.php ]
[ info ] [ LOG ] INIT File
---------------------------------------------------------------
[ 2017-09-18T18:27:28+08:00 ] 120.25.71.185 14.222.41.158 GET /index.php/index/weixin/menu
[ info ] lunwen.jiezanke.com/index.php/index/weixin/menu [运行时间：1.264697s][吞吐率：0.79req/s] [内存消耗：1,446.63kb] [文件加载：46]
[ info ] [ LANG ] D:\WebTest\lunwen\lunwen\thinkphp\lang\zh-cn.php
[ info ] [ ROUTE ] array (
  'type' => 'module',
  'module' => 
  array (
    0 => 'index',
    1 => 'weixin',
    2 => 'menu',
  ),
)
[ info ] [ HEADER ] array (
  'accept-language' => 'zh-CN,zh;q=0.8',
  'accept-encoding' => 'gzip, deflate',
  'accept' => 'text/html,application/xhtml+xml,application/xml;q=0.9,image/webp,image/apng,*/*;q=0.8',
  'user-agent' => 'Mozilla/5.0 (Windows NT 6.1; WOW64) AppleWebKit/537.36 (KHTML, like Gecko) Chrome/60.0.3112.90 Safari/537.36',
  'upgrade-insecure-requests' => '1',
  'cache-control' => 'max-age=0',
  'connection' => 'close',
  'host' => 'lunwen.jiezanke.com',
)
[ info ] [ PARAM ] array (
)
[ info ] [ RUN ] app\index\controller\Weixin->menu[ D:\WebTest\lunwen\lunwen\app\index\controller\Weixin.php ]
[ info ] [ LOG ] INIT File
