---------------------------------------------------------------
[ 2017-10-01T16:10:37+08:00 ] 120.25.71.185 36.23.124.249 GET /index.php/index/weixin/getordercode.html
[ info ] lunwen.jiezanke.com/index.php/index/weixin/getordercode.html [运行时间：0.026365s][吞吐率：37.93req/s] [内存消耗：1,388.98kb] [文件加载：45]
[ info ] [ LANG ] D:\WebTest\lunwen\lunwen\thinkphp\lang\zh-cn.php
[ info ] [ ROUTE ] array (
  'type' => 'module',
  'module' => 
  array (
    0 => 'index',
    1 => 'weixin',
    2 => 'getordercode',
  ),
)
[ info ] [ HEADER ] array (
  'connection' => 'close',
  'accept-encoding' => 'gzip, deflate',
  'accept-language' => 'zh-cn',
  'user-agent' => 'Mozilla/5.0 (iPhone; CPU iPhone OS 11_0_1 like Mac OS X) AppleWebKit/604.1.38 (KHTML, like Gecko) Mobile/15A402 MicroMessenger/6.5.18 NetType/4G Language/zh_CN',
  'accept' => 'text/html,application/xhtml+xml,application/xml;q=0.9,*/*;q=0.8',
  'upgrade-insecure-requests' => '1',
  'host' => 'lunwen.jiezanke.com',
)
[ info ] [ PARAM ] array (
)
[ info ] [ RUN ] app\index\controller\Weixin->getordercode[ D:\WebTest\lunwen\lunwen\app\index\controller\Weixin.php ]
[ info ] [ LOG ] INIT File
---------------------------------------------------------------
[ 2017-10-01T16:10:38+08:00 ] 120.25.71.185 36.23.124.249 GET /index.php/index/member/myorder.html?code=081Y9exE01jxXe2hQ5yE0DSexE0Y9ex2&state=123
[ info ] lunwen.jiezanke.com/index.php/index/member/myorder.html?code=081Y9exE01jxXe2hQ5yE0DSexE0Y9ex2&state=123 [运行时间：1.056573s][吞吐率：0.95req/s] [内存消耗：2,122.84kb] [文件加载：55]
[ info ] [ LANG ] D:\WebTest\lunwen\lunwen\thinkphp\lang\zh-cn.php
[ info ] [ ROUTE ] array (
  'type' => 'module',
  'module' => 
  array (
    0 => 'index',
    1 => 'member',
    2 => 'myorder',
  ),
)
[ info ] [ HEADER ] array (
  'connection' => 'close',
  'accept-encoding' => 'gzip, deflate',
  'accept-language' => 'zh-cn',
  'user-agent' => 'Mozilla/5.0 (iPhone; CPU iPhone OS 11_0_1 like Mac OS X) AppleWebKit/604.1.38 (KHTML, like Gecko) Mobile/15A402 MicroMessenger/6.5.18 NetType/4G Language/zh_CN',
  'accept' => 'text/html,application/xhtml+xml,application/xml;q=0.9,*/*;q=0.8',
  'upgrade-insecure-requests' => '1',
  'host' => 'lunwen.jiezanke.com',
)
[ info ] [ PARAM ] array (
  'code' => '081Y9exE01jxXe2hQ5yE0DSexE0Y9ex2',
  'state' => '123',
)
[ info ] [ RUN ] app\index\controller\Member->myorder[ D:\WebTest\lunwen\lunwen\app\index\controller\Member.php ]
[ info ] [ SESSION ] INIT array (
  'id' => '',
  'var_session_id' => '',
  'prefix' => 'think',
  'type' => '',
  'auto_start' => true,
)
[ info ] [ DB ] INIT mysql
[ info ] [ VIEW ] D:\WebTest\lunwen\lunwen/app/index\view\member\myorder.html [ array (
  0 => 'mem',
  1 => 'flag',
  2 => 'user',
  3 => 'order',
) ]
[ info ] [ LOG ] INIT File
[ sql ] [ DB ] CONNECT:[ UseTime:0.000976s ] mysql:dbname=lunwen;host=127.0.0.1;port=3306;charset=utf8
[ sql ] [ SQL ] SHOW COLUMNS FROM `jzk_user` [ RunTime:0.004883s ]
[ sql ] [ SQL ] SELECT * FROM `jzk_user` WHERE  `openid` = 'ojWxNwpnuMbkEmjWW0XF6wjJKT3k' LIMIT 1 [ RunTime:0.000977s ]
[ sql ] [ SQL ] SHOW COLUMNS FROM `jzk_order` [ RunTime:0.003906s ]
[ sql ] [ SQL ] SELECT * FROM `jzk_order` WHERE  `WID` = '1765747' [ RunTime:0.000000s ]
[ sql ] [ SQL ] SHOW COLUMNS FROM `jzk_qiandao` [ RunTime:0.001953s ]
[ sql ] [ SQL ] SELECT * FROM `jzk_qiandao` WHERE  `WID` = 1765747 LIMIT 1 [ RunTime:0.000976s ]
---------------------------------------------------------------
[ 2017-10-01T16:10:46+08:00 ] 120.25.71.185 117.185.27.114 GET /index.php/index/weixin/getordercode.html
[ info ] lunwen.jiezanke.com/index.php/index/weixin/getordercode.html [运行时间：0.023436s][吞吐率：42.67req/s] [内存消耗：1,388.67kb] [文件加载：45]
[ info ] [ LANG ] D:\WebTest\lunwen\lunwen\thinkphp\lang\zh-cn.php
[ info ] [ ROUTE ] array (
  'type' => 'module',
  'module' => 
  array (
    0 => 'index',
    1 => 'weixin',
    2 => 'getordercode',
  ),
)
[ info ] [ HEADER ] array (
  'connection' => 'close',
  'host' => 'lunwen.jiezanke.com',
  'accept-language' => 'zh-CN,zh;q=0.8,en-US;q=0.6,en;q=0.4',
  'accept-encoding' => 'gzip, deflate, sdch, br',
  'accept' => '*/*',
  'user-agent' => 'Mozilla/5.0 (iPhone; CPU iPhone OS 10_2_1 like Mac OS X) AppleWebKit/602.4.6 (KHTML, like Gecko) Mobile/14D27 MicroMessenger/6.5.5 NetType/WIFI Language/en',
)
[ info ] [ PARAM ] array (
)
[ info ] [ RUN ] app\index\controller\Weixin->getordercode[ D:\WebTest\lunwen\lunwen\app\index\controller\Weixin.php ]
[ info ] [ LOG ] INIT File
---------------------------------------------------------------
[ 2017-10-01T16:10:47+08:00 ] 120.25.71.185 36.23.124.249 GET /index.php/index/member/myorder.html
[ info ] lunwen.jiezanke.com/index.php/index/member/myorder.html [运行时间：0.146475s][吞吐率：6.83req/s] [内存消耗：1,500.08kb] [文件加载：50]
[ info ] [ LANG ] D:\WebTest\lunwen\lunwen\thinkphp\lang\zh-cn.php
[ info ] [ ROUTE ] array (
  'type' => 'module',
  'module' => 
  array (
    0 => 'index',
    1 => 'member',
    2 => 'myorder',
  ),
)
[ info ] [ HEADER ] array (
  'accept-encoding' => 'gzip, deflate',
  'accept-language' => 'zh-cn',
  'referer' => 'http://lunwen.jiezanke.com/index.php/index/member/myorder.html?code=081Y9exE01jxXe2hQ5yE0DSexE0Y9ex2&state=123',
  'user-agent' => 'Mozilla/5.0 (iPhone; CPU iPhone OS 11_0_1 like Mac OS X) AppleWebKit/604.1.38 (KHTML, like Gecko) Mobile/15A402 MicroMessenger/6.5.18 NetType/4G Language/zh_CN',
  'accept' => 'text/html,application/xhtml+xml,application/xml;q=0.9,*/*;q=0.8',
  'upgrade-insecure-requests' => '1',
  'connection' => 'close',
  'cookie' => 'PHPSESSID=cn8ejs0m90gkj2v596l69l2287',
  'host' => 'lunwen.jiezanke.com',
)
[ info ] [ PARAM ] array (
)
[ info ] [ RUN ] app\index\controller\Member->myorder[ D:\WebTest\lunwen\lunwen\app\index\controller\Member.php ]
[ info ] [ SESSION ] INIT array (
  'id' => '',
  'var_session_id' => '',
  'prefix' => 'think',
  'type' => '',
  'auto_start' => true,
)
[ info ] [ LOG ] INIT File
[ error ] [8]未定义数组索引: openid[D:\WebTest\lunwen\lunwen\extend\lib\class_wechat.php:47]
---------------------------------------------------------------
[ 2017-10-01T16:10:51+08:00 ] 120.25.71.185 36.23.124.249 GET /index.php/index/good/shopcart.html
[ info ] lunwen.jiezanke.com/index.php/index/good/shopcart.html [运行时间：0.043942s][吞吐率：22.76req/s] [内存消耗：2,047.12kb] [文件加载：53]
[ info ] [ LANG ] D:\WebTest\lunwen\lunwen\thinkphp\lang\zh-cn.php
[ info ] [ ROUTE ] array (
  'type' => 'module',
  'module' => 
  array (
    0 => 'index',
    1 => 'good',
    2 => 'shopcart',
  ),
)
[ info ] [ HEADER ] array (
  'accept-encoding' => 'gzip, deflate',
  'accept-language' => 'zh-cn',
  'referer' => 'http://lunwen.jiezanke.com/index.php/index/member/myorder.html?code=081Y9exE01jxXe2hQ5yE0DSexE0Y9ex2&state=123',
  'user-agent' => 'Mozilla/5.0 (iPhone; CPU iPhone OS 11_0_1 like Mac OS X) AppleWebKit/604.1.38 (KHTML, like Gecko) Mobile/15A402 MicroMessenger/6.5.18 NetType/4G Language/zh_CN',
  'accept' => 'text/html,application/xhtml+xml,application/xml;q=0.9,*/*;q=0.8',
  'upgrade-insecure-requests' => '1',
  'connection' => 'close',
  'cookie' => 'PHPSESSID=cn8ejs0m90gkj2v596l69l2287',
  'host' => 'lunwen.jiezanke.com',
)
[ info ] [ PARAM ] array (
)
[ info ] [ RUN ] app\index\controller\Good->shopcart[ D:\WebTest\lunwen\lunwen\app\index\controller\Good.php ]
[ info ] [ SESSION ] INIT array (
  'id' => '',
  'var_session_id' => '',
  'prefix' => 'think',
  'type' => '',
  'auto_start' => true,
)
[ info ] [ DB ] INIT mysql
[ info ] [ VIEW ] D:\WebTest\lunwen\lunwen/app/index\view\good\shopcart.html [ array (
  0 => 'mem',
  1 => 'flag',
  2 => 'user',
  3 => 'goods',
) ]
[ info ] [ LOG ] INIT File
[ sql ] [ DB ] CONNECT:[ UseTime:0.000977s ] mysql:dbname=lunwen;host=127.0.0.1;port=3306;charset=utf8
[ sql ] [ SQL ] SHOW COLUMNS FROM `jzk_user` [ RunTime:0.002929s ]
[ sql ] [ SQL ] SELECT * FROM `jzk_user` WHERE  `openid` IS NULL LIMIT 1 [ RunTime:0.000000s ]
[ sql ] [ SQL ] SHOW COLUMNS FROM `jzk_shopcart` [ RunTime:0.002929s ]
[ sql ] [ SQL ] SELECT * FROM `jzk_shopcart` WHERE  `WID` IS NULL  AND (  shopflag=1 ) [ RunTime:0.000000s ]
[ sql ] [ SQL ] SHOW COLUMNS FROM `jzk_qiandao` [ RunTime:0.002929s ]
[ sql ] [ SQL ] SELECT * FROM `jzk_qiandao` WHERE  `WID` IS NULL LIMIT 1 [ RunTime:0.000000s ]
---------------------------------------------------------------
[ 2017-10-01T16:10:54+08:00 ] 120.25.71.185 36.23.124.249 GET /index.php/index/member/index.html
[ info ] lunwen.jiezanke.com/index.php/index/member/index.html [运行时间：0.053708s][吞吐率：18.62req/s] [内存消耗：2,075.39kb] [文件加载：54]
[ info ] [ LANG ] D:\WebTest\lunwen\lunwen\thinkphp\lang\zh-cn.php
[ info ] [ ROUTE ] array (
  'type' => 'module',
  'module' => 
  array (
    0 => 'index',
    1 => 'member',
    2 => 'index',
  ),
)
[ info ] [ HEADER ] array (
  'accept-encoding' => 'gzip, deflate',
  'accept-language' => 'zh-cn',
  'referer' => 'http://lunwen.jiezanke.com/index.php/index/good/shopcart.html',
  'user-agent' => 'Mozilla/5.0 (iPhone; CPU iPhone OS 11_0_1 like Mac OS X) AppleWebKit/604.1.38 (KHTML, like Gecko) Mobile/15A402 MicroMessenger/6.5.18 NetType/4G Language/zh_CN',
  'accept' => 'text/html,application/xhtml+xml,application/xml;q=0.9,*/*;q=0.8',
  'upgrade-insecure-requests' => '1',
  'connection' => 'close',
  'cookie' => 'PHPSESSID=cn8ejs0m90gkj2v596l69l2287',
  'host' => 'lunwen.jiezanke.com',
)
[ info ] [ PARAM ] array (
)
[ info ] [ RUN ] app\index\controller\Member->index[ D:\WebTest\lunwen\lunwen\app\index\controller\Member.php ]
[ info ] [ SESSION ] INIT array (
  'id' => '',
  'var_session_id' => '',
  'prefix' => 'think',
  'type' => '',
  'auto_start' => true,
)
[ info ] [ DB ] INIT mysql
[ info ] [ VIEW ] D:\WebTest\lunwen\lunwen/app/index\view\member\index.html [ array (
  0 => 'mem',
  1 => 'flag',
  2 => 'user',
  3 => 'data',
) ]
[ info ] [ LOG ] INIT File
[ sql ] [ DB ] CONNECT:[ UseTime:0.000000s ] mysql:dbname=lunwen;host=127.0.0.1;port=3306;charset=utf8
[ sql ] [ SQL ] SHOW COLUMNS FROM `jzk_user` [ RunTime:0.002929s ]
[ sql ] [ SQL ] SELECT * FROM `jzk_user` WHERE  `openid` IS NULL LIMIT 1 [ RunTime:0.000977s ]
[ sql ] [ SQL ] SHOW COLUMNS FROM `jzk_order` [ RunTime:0.002929s ]
[ sql ] [ SQL ] SELECT * FROM `jzk_order` WHERE  `WID` IS NULL [ RunTime:0.000977s ]
[ sql ] [ SQL ] SHOW COLUMNS FROM `jzk_accept` [ RunTime:0.002929s ]
[ sql ] [ SQL ] SELECT * FROM `jzk_accept` WHERE  `WID` IS NULL [ RunTime:0.000000s ]
[ sql ] [ SQL ] SHOW COLUMNS FROM `jzk_shoporder` [ RunTime:0.002930s ]
[ sql ] [ SQL ] SELECT * FROM `jzk_shoporder` WHERE  `WID` IS NULL [ RunTime:0.000000s ]
[ sql ] [ SQL ] SHOW COLUMNS FROM `jzk_shopcart` [ RunTime:0.001953s ]
[ sql ] [ SQL ] SELECT * FROM `jzk_shopcart` WHERE  `WID` IS NULL [ RunTime:0.000000s ]
[ sql ] [ SQL ] SHOW COLUMNS FROM `jzk_qiandao` [ RunTime:0.002930s ]
[ sql ] [ SQL ] SELECT * FROM `jzk_qiandao` WHERE  `WID` IS NULL LIMIT 1 [ RunTime:0.000000s ]
---------------------------------------------------------------
[ 2017-10-01T16:10:57+08:00 ] 120.25.71.185 36.23.124.249 GET /index.php/index/index/shop.html
[ info ] lunwen.jiezanke.com/index.php/index/index/shop.html [运行时间：0.161123s][吞吐率：6.21req/s] [内存消耗：1,489.97kb] [文件加载：50]
[ info ] [ LANG ] D:\WebTest\lunwen\lunwen\thinkphp\lang\zh-cn.php
[ info ] [ ROUTE ] array (
  'type' => 'module',
  'module' => 
  array (
    0 => 'index',
    1 => 'index',
    2 => 'shop',
  ),
)
[ info ] [ HEADER ] array (
  'accept-encoding' => 'gzip, deflate',
  'accept-language' => 'zh-cn',
  'referer' => 'http://lunwen.jiezanke.com/index.php/index/member/index.html',
  'user-agent' => 'Mozilla/5.0 (iPhone; CPU iPhone OS 11_0_1 like Mac OS X) AppleWebKit/604.1.38 (KHTML, like Gecko) Mobile/15A402 MicroMessenger/6.5.18 NetType/4G Language/zh_CN',
  'accept' => 'text/html,application/xhtml+xml,application/xml;q=0.9,*/*;q=0.8',
  'upgrade-insecure-requests' => '1',
  'connection' => 'close',
  'cookie' => 'PHPSESSID=cn8ejs0m90gkj2v596l69l2287',
  'host' => 'lunwen.jiezanke.com',
)
[ info ] [ PARAM ] array (
)
[ info ] [ RUN ] app\index\controller\Index->shop[ D:\WebTest\lunwen\lunwen\app\index\controller\Index.php ]
[ info ] [ SESSION ] INIT array (
  'id' => '',
  'var_session_id' => '',
  'prefix' => 'think',
  'type' => '',
  'auto_start' => true,
)
[ info ] [ LOG ] INIT File
[ error ] [8]未定义数组索引: openid[D:\WebTest\lunwen\lunwen\extend\lib\class_wechat.php:47]
---------------------------------------------------------------
[ 2017-10-01T16:11:01+08:00 ] 120.25.71.185 36.23.124.249 GET /index.php/index/weixin/getshopcode.html
[ info ] lunwen.jiezanke.com/index.php/index/weixin/getshopcode.html [运行时间：0.027342s][吞吐率：36.57req/s] [内存消耗：1,389.23kb] [文件加载：45]
[ info ] [ LANG ] D:\WebTest\lunwen\lunwen\thinkphp\lang\zh-cn.php
[ info ] [ ROUTE ] array (
  'type' => 'module',
  'module' => 
  array (
    0 => 'index',
    1 => 'weixin',
    2 => 'getshopcode',
  ),
)
[ info ] [ HEADER ] array (
  'connection' => 'close',
  'accept-encoding' => 'gzip, deflate',
  'accept-language' => 'zh-cn',
  'user-agent' => 'Mozilla/5.0 (iPhone; CPU iPhone OS 11_0_1 like Mac OS X) AppleWebKit/604.1.38 (KHTML, like Gecko) Mobile/15A402 MicroMessenger/6.5.18 NetType/4G Language/zh_CN',
  'cookie' => 'PHPSESSID=cn8ejs0m90gkj2v596l69l2287',
  'upgrade-insecure-requests' => '1',
  'accept' => 'text/html,application/xhtml+xml,application/xml;q=0.9,*/*;q=0.8',
  'host' => 'lunwen.jiezanke.com',
)
[ info ] [ PARAM ] array (
)
[ info ] [ RUN ] app\index\controller\Weixin->getshopcode[ D:\WebTest\lunwen\lunwen\app\index\controller\Weixin.php ]
[ info ] [ LOG ] INIT File
---------------------------------------------------------------
[ 2017-10-01T16:11:02+08:00 ] 120.25.71.185 36.23.124.249 GET /index.php/index/index/shop.html?code=011mTO3K0r9NA42gJ64K0xKv3K0mTO3R&state=123
[ info ] lunwen.jiezanke.com/index.php/index/index/shop.html?code=011mTO3K0r9NA42gJ64K0xKv3K0mTO3R&state=123 [运行时间：0.414036s][吞吐率：2.42req/s] [内存消耗：2,077.62kb] [文件加载：54]
[ info ] [ LANG ] D:\WebTest\lunwen\lunwen\thinkphp\lang\zh-cn.php
[ info ] [ ROUTE ] array (
  'type' => 'module',
  'module' => 
  array (
    0 => 'index',
    1 => 'index',
    2 => 'shop',
  ),
)
[ info ] [ HEADER ] array (
  'connection' => 'close',
  'accept-encoding' => 'gzip, deflate',
  'accept-language' => 'zh-cn',
  'user-agent' => 'Mozilla/5.0 (iPhone; CPU iPhone OS 11_0_1 like Mac OS X) AppleWebKit/604.1.38 (KHTML, like Gecko) Mobile/15A402 MicroMessenger/6.5.18 NetType/4G Language/zh_CN',
  'cookie' => 'PHPSESSID=cn8ejs0m90gkj2v596l69l2287',
  'upgrade-insecure-requests' => '1',
  'accept' => 'text/html,application/xhtml+xml,application/xml;q=0.9,*/*;q=0.8',
  'host' => 'lunwen.jiezanke.com',
)
[ info ] [ PARAM ] array (
  'code' => '011mTO3K0r9NA42gJ64K0xKv3K0mTO3R',
  'state' => '123',
)
[ info ] [ RUN ] app\index\controller\Index->shop[ D:\WebTest\lunwen\lunwen\app\index\controller\Index.php ]
[ info ] [ SESSION ] INIT array (
  'id' => '',
  'var_session_id' => '',
  'prefix' => 'think',
  'type' => '',
  'auto_start' => true,
)
[ info ] [ DB ] INIT mysql
[ info ] [ VIEW ] D:\WebTest\lunwen\lunwen/app/index\view\index\shop.html [ array (
  0 => 'goods',
  1 => 'num',
) ]
[ info ] [ LOG ] INIT File
[ sql ] [ DB ] CONNECT:[ UseTime:0.000976s ] mysql:dbname=lunwen;host=127.0.0.1;port=3306;charset=utf8
[ sql ] [ SQL ] SHOW COLUMNS FROM `jzk_user` [ RunTime:0.002930s ]
[ sql ] [ SQL ] SELECT * FROM `jzk_user` WHERE  `openid` = 'ojWxNwpnuMbkEmjWW0XF6wjJKT3k' LIMIT 1 [ RunTime:0.000000s ]
[ sql ] [ SQL ] SHOW COLUMNS FROM `jzk_goods` [ RunTime:0.002930s ]
[ sql ] [ SQL ] SELECT * FROM `jzk_goods` WHERE  (  flag = 1 ) ORDER BY ID desc LIMIT 6 [ RunTime:0.000000s ]
---------------------------------------------------------------
[ 2017-10-01T16:11:04+08:00 ] 120.25.71.185 36.23.124.249 POST /index.php/index/index/page.html
[ info ] lunwen.jiezanke.com/index.php/index/index/page.html [运行时间：0.034177s][吞吐率：29.26req/s] [内存消耗：1,997.91kb] [文件加载：53]
[ info ] [ LANG ] D:\WebTest\lunwen\lunwen\thinkphp\lang\zh-cn.php
[ info ] [ ROUTE ] array (
  'type' => 'module',
  'module' => 
  array (
    0 => 'index',
    1 => 'index',
    2 => 'page',
  ),
)
[ info ] [ HEADER ] array (
  'cookie' => 'PHPSESSID=cn8ejs0m90gkj2v596l69l2287',
  'content-length' => '5',
  'referer' => 'http://lunwen.jiezanke.com/index.php/index/index/shop.html?code=011mTO3K0r9NA42gJ64K0xKv3K0mTO3R&state=123',
  'connection' => 'close',
  'user-agent' => 'Mozilla/5.0 (iPhone; CPU iPhone OS 11_0_1 like Mac OS X) AppleWebKit/604.1.38 (KHTML, like Gecko) Mobile/15A402 MicroMessenger/6.5.18 NetType/4G Language/zh_CN',
  'origin' => 'http://lunwen.jiezanke.com',
  'content-type' => 'application/x-www-form-urlencoded; charset=UTF-8',
  'accept-encoding' => 'gzip, deflate',
  'accept-language' => 'zh-cn',
  'x-requested-with' => 'XMLHttpRequest',
  'accept' => 'application/json, text/javascript, */*; q=0.01',
  'host' => 'lunwen.jiezanke.com',
)
[ info ] [ PARAM ] array (
  'num' => '5',
)
[ info ] [ RUN ] app\index\controller\Index->page[ D:\WebTest\lunwen\lunwen\app\index\controller\Index.php ]
[ info ] [ DB ] INIT mysql
[ info ] [ LOG ] INIT File
[ sql ] [ DB ] CONNECT:[ UseTime:0.000976s ] mysql:dbname=lunwen;host=127.0.0.1;port=3306;charset=utf8
[ sql ] [ SQL ] SHOW COLUMNS FROM `jzk_goods` [ RunTime:0.002930s ]
[ sql ] [ SQL ] SELECT * FROM `jzk_goods` ORDER BY ID desc LIMIT 11,6 [ RunTime:0.000000s ]
---------------------------------------------------------------
[ 2017-10-01T16:11:10+08:00 ] 120.25.71.185 117.185.27.113 GET /index.php/index/weixin/getshopcode.html
[ info ] lunwen.jiezanke.com/index.php/index/weixin/getshopcode.html [运行时间：0.023436s][吞吐率：42.67req/s] [内存消耗：1,388.70kb] [文件加载：45]
[ info ] [ LANG ] D:\WebTest\lunwen\lunwen\thinkphp\lang\zh-cn.php
[ info ] [ ROUTE ] array (
  'type' => 'module',
  'module' => 
  array (
    0 => 'index',
    1 => 'weixin',
    2 => 'getshopcode',
  ),
)
[ info ] [ HEADER ] array (
  'connection' => 'close',
  'host' => 'lunwen.jiezanke.com',
  'accept-language' => 'zh-CN,zh;q=0.8,en-US;q=0.6,en;q=0.4',
  'accept-encoding' => 'gzip, deflate, sdch, br',
  'accept' => '*/*',
  'user-agent' => 'Mozilla/5.0 (Linux; Android 4.4.4; Coolpad Y82-520 Build/KTU84P) AppleWebKit/537.36 (KHTML, like Gecko) Version/4.0 Chrome/33.0.0.0 Mobile Safari/537.36 MicroMessenger/6.5.4.1000 NetType/4G Language/zh_CN',
)
[ info ] [ PARAM ] array (
)
[ info ] [ RUN ] app\index\controller\Weixin->getshopcode[ D:\WebTest\lunwen\lunwen\app\index\controller\Weixin.php ]
[ info ] [ LOG ] INIT File
---------------------------------------------------------------
[ 2017-10-01T16:11:12+08:00 ] 120.25.71.185 36.23.124.249 GET /index.php/index/weixin/getlunwencode.html
[ info ] lunwen.jiezanke.com/index.php/index/weixin/getlunwencode.html [运行时间：0.021483s][吞吐率：46.55req/s] [内存消耗：1,389.27kb] [文件加载：45]
[ info ] [ LANG ] D:\WebTest\lunwen\lunwen\thinkphp\lang\zh-cn.php
[ info ] [ ROUTE ] array (
  'type' => 'module',
  'module' => 
  array (
    0 => 'index',
    1 => 'weixin',
    2 => 'getlunwencode',
  ),
)
[ info ] [ HEADER ] array (
  'connection' => 'close',
  'accept-encoding' => 'gzip, deflate',
  'accept-language' => 'zh-cn',
  'user-agent' => 'Mozilla/5.0 (iPhone; CPU iPhone OS 11_0_1 like Mac OS X) AppleWebKit/604.1.38 (KHTML, like Gecko) Mobile/15A402 MicroMessenger/6.5.18 NetType/4G Language/zh_CN',
  'cookie' => 'PHPSESSID=cn8ejs0m90gkj2v596l69l2287',
  'upgrade-insecure-requests' => '1',
  'accept' => 'text/html,application/xhtml+xml,application/xml;q=0.9,*/*;q=0.8',
  'host' => 'lunwen.jiezanke.com',
)
[ info ] [ PARAM ] array (
)
[ info ] [ RUN ] app\index\controller\Weixin->getlunwencode[ D:\WebTest\lunwen\lunwen\app\index\controller\Weixin.php ]
[ info ] [ LOG ] INIT File
---------------------------------------------------------------
[ 2017-10-01T16:11:13+08:00 ] 120.25.71.185 36.23.124.249 GET /index.php/index/index/order.html?code=061CxHMX0jFWh02cB9MX0NshMX0CxHMn&state=123
[ info ] lunwen.jiezanke.com/index.php/index/index/order.html?code=061CxHMX0jFWh02cB9MX0NshMX0CxHMn&state=123 [运行时间：0.035154s][吞吐率：28.45req/s] [内存消耗：1,998.18kb] [文件加载：53]
[ info ] [ LANG ] D:\WebTest\lunwen\lunwen\thinkphp\lang\zh-cn.php
[ info ] [ ROUTE ] array (
  'type' => 'module',
  'module' => 
  array (
    0 => 'index',
    1 => 'index',
    2 => 'order',
  ),
)
[ info ] [ HEADER ] array (
  'connection' => 'close',
  'accept-encoding' => 'gzip, deflate',
  'accept-language' => 'zh-cn',
  'user-agent' => 'Mozilla/5.0 (iPhone; CPU iPhone OS 11_0_1 like Mac OS X) AppleWebKit/604.1.38 (KHTML, like Gecko) Mobile/15A402 MicroMessenger/6.5.18 NetType/4G Language/zh_CN',
  'cookie' => 'PHPSESSID=cn8ejs0m90gkj2v596l69l2287',
  'upgrade-insecure-requests' => '1',
  'accept' => 'text/html,application/xhtml+xml,application/xml;q=0.9,*/*;q=0.8',
  'host' => 'lunwen.jiezanke.com',
)
[ info ] [ PARAM ] array (
  'code' => '061CxHMX0jFWh02cB9MX0NshMX0CxHMn',
  'state' => '123',
)
[ info ] [ RUN ] app\index\controller\Index->order[ D:\WebTest\lunwen\lunwen\app\index\controller\Index.php ]
[ info ] [ SESSION ] INIT array (
  'id' => '',
  'var_session_id' => '',
  'prefix' => 'think',
  'type' => '',
  'auto_start' => true,
)
[ info ] [ DB ] INIT mysql
[ info ] [ VIEW ] D:\WebTest\lunwen\lunwen/app/index\view\index\order.html [ array (
  0 => 'user',
) ]
[ info ] [ LOG ] INIT File
[ sql ] [ DB ] CONNECT:[ UseTime:0.000976s ] mysql:dbname=lunwen;host=127.0.0.1;port=3306;charset=utf8
[ sql ] [ SQL ] SHOW COLUMNS FROM `jzk_user` [ RunTime:0.002929s ]
[ sql ] [ SQL ] SELECT * FROM `jzk_user` WHERE  `openid` = 'ojWxNwpnuMbkEmjWW0XF6wjJKT3k' LIMIT 1 [ RunTime:0.000977s ]
---------------------------------------------------------------
[ 2017-10-01T16:11:18+08:00 ] 120.25.71.185 117.185.27.113 GET /index.php/index/index/shop.html
[ info ] lunwen.jiezanke.com/index.php/index/index/shop.html [运行时间：0.170887s][吞吐率：5.85req/s] [内存消耗：1,487.88kb] [文件加载：50]
[ info ] [ LANG ] D:\WebTest\lunwen\lunwen\thinkphp\lang\zh-cn.php
[ info ] [ ROUTE ] array (
  'type' => 'module',
  'module' => 
  array (
    0 => 'index',
    1 => 'index',
    2 => 'shop',
  ),
)
[ info ] [ HEADER ] array (
  'connection' => 'close',
  'host' => 'lunwen.jiezanke.com',
  'accept-language' => 'zh-CN,zh;q=0.8,en-US;q=0.6,en;q=0.4',
  'accept-encoding' => 'gzip, deflate, sdch, br',
  'accept' => '*/*',
  'user-agent' => 'Mozilla/5.0 (Linux; Android 5.1.1; SM801 Build/LMY47V; wv) AppleWebKit/537.36 (KHTML, like Gecko) Version/4.0 Chrome/53.0.2785.49 Mobile MQQBrowser/6.2 TBS/043024 Safari/537.36 MicroMessenger/6.5.4.1000 NetType/4G Language/zh_CN',
)
[ info ] [ PARAM ] array (
)
[ info ] [ RUN ] app\index\controller\Index->shop[ D:\WebTest\lunwen\lunwen\app\index\controller\Index.php ]
[ info ] [ SESSION ] INIT array (
  'id' => '',
  'var_session_id' => '',
  'prefix' => 'think',
  'type' => '',
  'auto_start' => true,
)
[ info ] [ LOG ] INIT File
[ error ] [8]未定义数组索引: openid[D:\WebTest\lunwen\lunwen\extend\lib\class_wechat.php:47]
---------------------------------------------------------------
[ 2017-10-01T16:15:37+08:00 ] 120.25.71.185 101.226.33.208 GET /index.php/index/index/shop.html
[ info ] lunwen.jiezanke.com/index.php/index/index/shop.html [运行时间：0.159186s][吞吐率：6.28req/s] [内存消耗：1,487.50kb] [文件加载：50]
[ info ] [ LANG ] D:\WebTest\lunwen\lunwen\thinkphp\lang\zh-cn.php
[ info ] [ ROUTE ] array (
  'type' => 'module',
  'module' => 
  array (
    0 => 'index',
    1 => 'index',
    2 => 'shop',
  ),
)
[ info ] [ HEADER ] array (
  'connection' => 'close',
  'host' => 'lunwen.jiezanke.com',
  'accept-language' => 'zh-CN,zh;q=0.8,en-US;q=0.6,en;q=0.4',
  'accept-encoding' => 'gzip, deflate, sdch, br',
  'accept' => '*/*',
  'user-agent' => 'Mozilla/5.0 (iPhone; CPU iPhone OS 10_2_1 like Mac OS X) AppleWebKit/602.4.6 (KHTML, like Gecko) Mobile/14D27 MicroMessenger/6.5.5 NetType/WIFI Language/en',
)
[ info ] [ PARAM ] array (
)
[ info ] [ RUN ] app\index\controller\Index->shop[ D:\WebTest\lunwen\lunwen\app\index\controller\Index.php ]
[ info ] [ SESSION ] INIT array (
  'id' => '',
  'var_session_id' => '',
  'prefix' => 'think',
  'type' => '',
  'auto_start' => true,
)
[ info ] [ LOG ] INIT File
[ error ] [8]未定义数组索引: openid[D:\WebTest\lunwen\lunwen\extend\lib\class_wechat.php:47]
