---------------------------------------------------------------
[ 2017-10-04T05:38:35+08:00 ] 120.25.71.185 60.184.160.122 GET /index.php/index/weixin/getshopcode.html
[ info ] lunwen.jiezanke.com/index.php/index/weixin/getshopcode.html [运行时间：0.027342s][吞吐率：36.57req/s] [内存消耗：1,388.91kb] [文件加载：45]
[ info ] [ LANG ] D:\WebTest\lunwen\lunwen\thinkphp\lang\zh-cn.php
[ info ] [ ROUTE ] array (
  'type' => 'module',
  'module' => 
  array (
    0 => 'index',
    1 => 'weixin',
    2 => 'getshopcode',
  ),
)
[ info ] [ HEADER ] array (
  'connection' => 'close',
  'accept-encoding' => 'gzip, deflate',
  'accept-language' => 'zh-cn',
  'user-agent' => 'Mozilla/5.0 (iPhone; CPU iPhone OS 11_0_1 like Mac OS X) AppleWebKit/604.1.38 (KHTML, like Gecko) Mobile/15A402 MicroMessenger/6.5.18 NetType/WIFI Language/zh_CN',
  'accept' => 'text/html,application/xhtml+xml,application/xml;q=0.9,*/*;q=0.8',
  'upgrade-insecure-requests' => '1',
  'host' => 'lunwen.jiezanke.com',
)
[ info ] [ PARAM ] array (
)
[ info ] [ RUN ] app\index\controller\Weixin->getshopcode[ D:\WebTest\lunwen\lunwen\app\index\controller\Weixin.php ]
[ info ] [ LOG ] INIT File
---------------------------------------------------------------
[ 2017-10-04T05:38:36+08:00 ] 120.25.71.185 60.184.160.122 GET /index.php/index/index/shop.html?code=021Zpc9R0MOzeb2fy96R0fqW8R0Zpc9E&state=123
[ info ] lunwen.jiezanke.com/index.php/index/index/shop.html?code=021Zpc9R0MOzeb2fy96R0fqW8R0Zpc9E&state=123 [运行时间：1.042902s][吞吐率：0.96req/s] [内存消耗：2,077.66kb] [文件加载：54]
[ info ] [ LANG ] D:\WebTest\lunwen\lunwen\thinkphp\lang\zh-cn.php
[ info ] [ ROUTE ] array (
  'type' => 'module',
  'module' => 
  array (
    0 => 'index',
    1 => 'index',
    2 => 'shop',
  ),
)
[ info ] [ HEADER ] array (
  'connection' => 'close',
  'accept-encoding' => 'gzip, deflate',
  'accept-language' => 'zh-cn',
  'user-agent' => 'Mozilla/5.0 (iPhone; CPU iPhone OS 11_0_1 like Mac OS X) AppleWebKit/604.1.38 (KHTML, like Gecko) Mobile/15A402 MicroMessenger/6.5.18 NetType/WIFI Language/zh_CN',
  'accept' => 'text/html,application/xhtml+xml,application/xml;q=0.9,*/*;q=0.8',
  'upgrade-insecure-requests' => '1',
  'host' => 'lunwen.jiezanke.com',
)
[ info ] [ PARAM ] array (
  'code' => '021Zpc9R0MOzeb2fy96R0fqW8R0Zpc9E',
  'state' => '123',
)
[ info ] [ RUN ] app\index\controller\Index->shop[ D:\WebTest\lunwen\lunwen\app\index\controller\Index.php ]
[ info ] [ SESSION ] INIT array (
  'id' => '',
  'var_session_id' => '',
  'prefix' => 'think',
  'type' => '',
  'auto_start' => true,
)
[ info ] [ DB ] INIT mysql
[ info ] [ VIEW ] D:\WebTest\lunwen\lunwen/app/index\view\index\shop.html [ array (
  0 => 'goods',
  1 => 'num',
) ]
[ info ] [ LOG ] INIT File
[ sql ] [ DB ] CONNECT:[ UseTime:0.000977s ] mysql:dbname=lunwen;host=127.0.0.1;port=3306;charset=utf8
[ sql ] [ SQL ] SHOW COLUMNS FROM `jzk_user` [ RunTime:0.002930s ]
[ sql ] [ SQL ] SELECT * FROM `jzk_user` WHERE  `openid` = 'ojWxNwpnuMbkEmjWW0XF6wjJKT3k' LIMIT 1 [ RunTime:0.000977s ]
[ sql ] [ SQL ] SHOW COLUMNS FROM `jzk_goods` [ RunTime:0.002929s ]
[ sql ] [ SQL ] SELECT * FROM `jzk_goods` WHERE  (  flag = 1 ) ORDER BY ID desc LIMIT 6 [ RunTime:0.000000s ]
---------------------------------------------------------------
[ 2017-10-04T05:38:41+08:00 ] 120.25.71.185 60.184.160.122 POST /index.php/index/index/page.html
[ info ] lunwen.jiezanke.com/index.php/index/index/page.html [运行时间：0.036130s][吞吐率：27.68req/s] [内存消耗：1,998.01kb] [文件加载：53]
[ info ] [ LANG ] D:\WebTest\lunwen\lunwen\thinkphp\lang\zh-cn.php
[ info ] [ ROUTE ] array (
  'type' => 'module',
  'module' => 
  array (
    0 => 'index',
    1 => 'index',
    2 => 'page',
  ),
)
[ info ] [ HEADER ] array (
  'cookie' => 'PHPSESSID=v4jq65cbiciib64d35scob6oa0',
  'content-length' => '5',
  'referer' => 'http://lunwen.jiezanke.com/index.php/index/index/shop.html?code=021Zpc9R0MOzeb2fy96R0fqW8R0Zpc9E&state=123',
  'connection' => 'close',
  'user-agent' => 'Mozilla/5.0 (iPhone; CPU iPhone OS 11_0_1 like Mac OS X) AppleWebKit/604.1.38 (KHTML, like Gecko) Mobile/15A402 MicroMessenger/6.5.18 NetType/WIFI Language/zh_CN',
  'origin' => 'http://lunwen.jiezanke.com',
  'content-type' => 'application/x-www-form-urlencoded; charset=UTF-8',
  'accept-encoding' => 'gzip, deflate',
  'accept-language' => 'zh-cn',
  'x-requested-with' => 'XMLHttpRequest',
  'accept' => 'application/json, text/javascript, */*; q=0.01',
  'host' => 'lunwen.jiezanke.com',
)
[ info ] [ PARAM ] array (
  'num' => '5',
)
[ info ] [ RUN ] app\index\controller\Index->page[ D:\WebTest\lunwen\lunwen\app\index\controller\Index.php ]
[ info ] [ DB ] INIT mysql
[ info ] [ LOG ] INIT File
[ sql ] [ DB ] CONNECT:[ UseTime:0.000976s ] mysql:dbname=lunwen;host=127.0.0.1;port=3306;charset=utf8
[ sql ] [ SQL ] SHOW COLUMNS FROM `jzk_goods` [ RunTime:0.002929s ]
[ sql ] [ SQL ] SELECT * FROM `jzk_goods` ORDER BY ID desc LIMIT 11,6 [ RunTime:0.000000s ]
---------------------------------------------------------------
[ 2017-10-04T05:39:07+08:00 ] 120.25.71.185 60.184.160.122 GET /index.php/index/weixin/getpersoncode.html
[ info ] lunwen.jiezanke.com/index.php/index/weixin/getpersoncode.html [运行时间：0.024415s][吞吐率：40.96req/s] [内存消耗：1,389.38kb] [文件加载：45]
[ info ] [ LANG ] D:\WebTest\lunwen\lunwen\thinkphp\lang\zh-cn.php
[ info ] [ ROUTE ] array (
  'type' => 'module',
  'module' => 
  array (
    0 => 'index',
    1 => 'weixin',
    2 => 'getpersoncode',
  ),
)
[ info ] [ HEADER ] array (
  'connection' => 'close',
  'accept-encoding' => 'gzip, deflate',
  'accept-language' => 'zh-cn',
  'user-agent' => 'Mozilla/5.0 (iPhone; CPU iPhone OS 11_0_1 like Mac OS X) AppleWebKit/604.1.38 (KHTML, like Gecko) Mobile/15A402 MicroMessenger/6.5.18 NetType/WIFI Language/zh_CN',
  'cookie' => 'PHPSESSID=v4jq65cbiciib64d35scob6oa0',
  'upgrade-insecure-requests' => '1',
  'accept' => 'text/html,application/xhtml+xml,application/xml;q=0.9,*/*;q=0.8',
  'host' => 'lunwen.jiezanke.com',
)
[ info ] [ PARAM ] array (
)
[ info ] [ RUN ] app\index\controller\Weixin->getpersoncode[ D:\WebTest\lunwen\lunwen\app\index\controller\Weixin.php ]
[ info ] [ LOG ] INIT File
---------------------------------------------------------------
[ 2017-10-04T05:39:08+08:00 ] 120.25.71.185 60.184.160.122 GET /index.php/index/member/index.html?code=0117SXn92FfoJO0mYho92OUOn927SXn0&state=123
[ info ] lunwen.jiezanke.com/index.php/index/member/index.html?code=0117SXn92FfoJO0mYho92OUOn927SXn0&state=123 [运行时间：0.067385s][吞吐率：14.84req/s] [内存消耗：2,079.79kb] [文件加载：54]
[ info ] [ LANG ] D:\WebTest\lunwen\lunwen\thinkphp\lang\zh-cn.php
[ info ] [ ROUTE ] array (
  'type' => 'module',
  'module' => 
  array (
    0 => 'index',
    1 => 'member',
    2 => 'index',
  ),
)
[ info ] [ HEADER ] array (
  'connection' => 'close',
  'accept-encoding' => 'gzip, deflate',
  'accept-language' => 'zh-cn',
  'user-agent' => 'Mozilla/5.0 (iPhone; CPU iPhone OS 11_0_1 like Mac OS X) AppleWebKit/604.1.38 (KHTML, like Gecko) Mobile/15A402 MicroMessenger/6.5.18 NetType/WIFI Language/zh_CN',
  'cookie' => 'PHPSESSID=v4jq65cbiciib64d35scob6oa0',
  'upgrade-insecure-requests' => '1',
  'accept' => 'text/html,application/xhtml+xml,application/xml;q=0.9,*/*;q=0.8',
  'host' => 'lunwen.jiezanke.com',
)
[ info ] [ PARAM ] array (
  'code' => '0117SXn92FfoJO0mYho92OUOn927SXn0',
  'state' => '123',
)
[ info ] [ RUN ] app\index\controller\Member->index[ D:\WebTest\lunwen\lunwen\app\index\controller\Member.php ]
[ info ] [ SESSION ] INIT array (
  'id' => '',
  'var_session_id' => '',
  'prefix' => 'think',
  'type' => '',
  'auto_start' => true,
)
[ info ] [ DB ] INIT mysql
[ info ] [ VIEW ] D:\WebTest\lunwen\lunwen/app/index\view\member\index.html [ array (
  0 => 'mem',
  1 => 'flag',
  2 => 'user',
  3 => 'data',
) ]
[ info ] [ LOG ] INIT File
[ sql ] [ DB ] CONNECT:[ UseTime:0.010743s ] mysql:dbname=lunwen;host=127.0.0.1;port=3306;charset=utf8
[ sql ] [ SQL ] SHOW COLUMNS FROM `jzk_user` [ RunTime:0.002929s ]
[ sql ] [ SQL ] SELECT * FROM `jzk_user` WHERE  `openid` = 'ojWxNwpnuMbkEmjWW0XF6wjJKT3k' LIMIT 1 [ RunTime:0.000977s ]
[ sql ] [ SQL ] SHOW COLUMNS FROM `jzk_order` [ RunTime:0.002930s ]
[ sql ] [ SQL ] SELECT * FROM `jzk_order` WHERE  `WID` = '1765747' [ RunTime:0.000000s ]
[ sql ] [ SQL ] SHOW COLUMNS FROM `jzk_accept` [ RunTime:0.002930s ]
[ sql ] [ SQL ] SELECT * FROM `jzk_accept` WHERE  `WID` = 1765747 [ RunTime:0.000000s ]
[ sql ] [ SQL ] SHOW COLUMNS FROM `jzk_shoporder` [ RunTime:0.002930s ]
[ sql ] [ SQL ] SELECT * FROM `jzk_shoporder` WHERE  `WID` = 1765747 [ RunTime:0.000977s ]
[ sql ] [ SQL ] SHOW COLUMNS FROM `jzk_shopcart` [ RunTime:0.002930s ]
[ sql ] [ SQL ] SELECT * FROM `jzk_shopcart` WHERE  `WID` = 1765747 [ RunTime:0.000976s ]
[ sql ] [ SQL ] SHOW COLUMNS FROM `jzk_qiandao` [ RunTime:0.002930s ]
[ sql ] [ SQL ] SELECT * FROM `jzk_qiandao` WHERE  `WID` = 1765747 LIMIT 1 [ RunTime:0.000000s ]
---------------------------------------------------------------
[ 2017-10-04T05:39:16+08:00 ] 120.25.71.185 60.184.160.122 POST /index.php/index/member/qiandao.html
[ info ] lunwen.jiezanke.com/index.php/index/member/qiandao.html [运行时间：0.041994s][吞吐率：23.81req/s] [内存消耗：2,010.46kb] [文件加载：53]
[ info ] [ LANG ] D:\WebTest\lunwen\lunwen\thinkphp\lang\zh-cn.php
[ info ] [ ROUTE ] array (
  'type' => 'module',
  'module' => 
  array (
    0 => 'index',
    1 => 'member',
    2 => 'qiandao',
  ),
)
[ info ] [ HEADER ] array (
  'cookie' => 'PHPSESSID=v4jq65cbiciib64d35scob6oa0',
  'content-length' => '11',
  'referer' => 'http://lunwen.jiezanke.com/index.php/index/member/index.html?code=0117SXn92FfoJO0mYho92OUOn927SXn0&state=123',
  'connection' => 'close',
  'user-agent' => 'Mozilla/5.0 (iPhone; CPU iPhone OS 11_0_1 like Mac OS X) AppleWebKit/604.1.38 (KHTML, like Gecko) Mobile/15A402 MicroMessenger/6.5.18 NetType/WIFI Language/zh_CN',
  'origin' => 'http://lunwen.jiezanke.com',
  'content-type' => 'application/x-www-form-urlencoded; charset=UTF-8',
  'accept-encoding' => 'gzip, deflate',
  'accept-language' => 'zh-cn',
  'x-requested-with' => 'XMLHttpRequest',
  'accept' => 'application/json, text/javascript, */*; q=0.01',
  'host' => 'lunwen.jiezanke.com',
)
[ info ] [ PARAM ] array (
  'wid' => '1765747',
)
[ info ] [ RUN ] app\index\controller\Member->qiandao[ D:\WebTest\lunwen\lunwen\app\index\controller\Member.php ]
[ info ] [ DB ] INIT mysql
[ info ] [ LOG ] INIT File
[ sql ] [ DB ] CONNECT:[ UseTime:0.000976s ] mysql:dbname=lunwen;host=127.0.0.1;port=3306;charset=utf8
[ sql ] [ SQL ] SHOW COLUMNS FROM `jzk_qiandao` [ RunTime:0.002930s ]
[ sql ] [ SQL ] SELECT * FROM `jzk_qiandao` WHERE  `WID` = 1765747 LIMIT 1 [ RunTime:0.000976s ]
[ sql ] [ SQL ] SHOW COLUMNS FROM `jzk_user` [ RunTime:0.002930s ]
[ sql ] [ SQL ] SELECT * FROM `jzk_user` WHERE  `WID` = 1765747 LIMIT 1 [ RunTime:0.000000s ]
[ sql ] [ SQL ] SHOW COLUMNS FROM `jzk_jifen` [ RunTime:0.001953s ]
[ sql ] [ SQL ] SELECT * FROM `jzk_jifen` WHERE  `ID` = 1 LIMIT 1 [ RunTime:0.000000s ]
[ sql ] [ SQL ] UPDATE `jzk_user`  SET `score`=70  WHERE  `WID` = 1765747 [ RunTime:0.000977s ]
[ sql ] [ SQL ] UPDATE `jzk_qiandao`  SET `time`='2017-10-04'  WHERE  `WID` = 1765747 [ RunTime:0.000000s ]
---------------------------------------------------------------
[ 2017-10-04T05:39:17+08:00 ] 120.25.71.185 117.185.27.113 GET /index.php/index/weixin/getpersoncode.html
[ info ] lunwen.jiezanke.com/index.php/index/weixin/getpersoncode.html [运行时间：0.023438s][吞吐率：42.67req/s] [内存消耗：1,388.91kb] [文件加载：45]
[ info ] [ LANG ] D:\WebTest\lunwen\lunwen\thinkphp\lang\zh-cn.php
[ info ] [ ROUTE ] array (
  'type' => 'module',
  'module' => 
  array (
    0 => 'index',
    1 => 'weixin',
    2 => 'getpersoncode',
  ),
)
[ info ] [ HEADER ] array (
  'connection' => 'close',
  'host' => 'lunwen.jiezanke.com',
  'accept-language' => 'zh-CN,zh;q=0.8,en-US;q=0.6,en;q=0.4',
  'accept-encoding' => 'gzip, deflate, sdch, br',
  'accept' => '*/*',
  'user-agent' => 'Mozilla/5.0 (Linux; Android 4.4.4; HUAWEI ALE-CL00 Build/HuaweiALE-CL00; wv) AppleWebKit/537.36 (KHTML, like Gecko) Version/4.0 Chrome/53.0.2785.49 Mobile MQQBrowser/6.2 TBS/043024 Safari/537.36 MicroMessenger/6.5.4.1000 NetType/4G Language/zh_CN',
)
[ info ] [ PARAM ] array (
)
[ info ] [ RUN ] app\index\controller\Weixin->getpersoncode[ D:\WebTest\lunwen\lunwen\app\index\controller\Weixin.php ]
[ info ] [ LOG ] INIT File
---------------------------------------------------------------
[ 2017-10-04T05:39:29+08:00 ] 120.25.71.185 140.207.185.109 GET /index.php/index/weixin/getpersoncode.html
[ info ] lunwen.jiezanke.com/index.php/index/weixin/getpersoncode.html [运行时间：0.021485s][吞吐率：46.54req/s] [内存消耗：1,388.59kb] [文件加载：45]
[ info ] [ LANG ] D:\WebTest\lunwen\lunwen\thinkphp\lang\zh-cn.php
[ info ] [ ROUTE ] array (
  'type' => 'module',
  'module' => 
  array (
    0 => 'index',
    1 => 'weixin',
    2 => 'getpersoncode',
  ),
)
[ info ] [ HEADER ] array (
  'connection' => 'close',
  'host' => 'lunwen.jiezanke.com',
  'accept-language' => 'zh-CN,zh;q=0.8,en-US;q=0.6,en;q=0.4',
  'accept-encoding' => 'gzip, deflate, sdch, br',
  'accept' => '*/*',
  'user-agent' => 'Mozilla/5.0 (iPhone; CPU iPhone OS 10_2_1 like Mac OS X) AppleWebKit/602.4.6 (KHTML, like Gecko) Mobile/14D27 MicroMessenger/6.5.5 NetType/WIFI Language/en',
)
[ info ] [ PARAM ] array (
)
[ info ] [ RUN ] app\index\controller\Weixin->getpersoncode[ D:\WebTest\lunwen\lunwen\app\index\controller\Weixin.php ]
[ info ] [ LOG ] INIT File
